<html>
<head>
<title>TestNG:  Default test</title>
<link href="../testng.css" rel="stylesheet" type="text/css" />
<link href="../my-testng.css" rel="stylesheet" type="text/css" />

<style type="text/css">
.log { display: none;} 
.stack-trace { display: none;} 
</style>
<script type="text/javascript">
<!--
function flip(e) {
  current = e.style.display;
  if (current == 'block') {
    e.style.display = 'none';
    return 0;
  }
  else {
    e.style.display = 'block';
    return 1;
  }
}

function toggleBox(szDivId, elem, msg1, msg2)
{
  var res = -1;  if (document.getElementById) {
    res = flip(document.getElementById(szDivId));
  }
  else if (document.all) {
    // this is the way old msie versions work
    res = flip(document.all[szDivId]);
  }
  if(elem) {
    if(res == 0) elem.innerHTML = msg1; else elem.innerHTML = msg2;
  }

}

function toggleAllBoxes() {
  if (document.getElementsByTagName) {
    d = document.getElementsByTagName('div');
    for (i = 0; i < d.length; i++) {
      if (d[i].className == 'log') {
        flip(d[i]);
      }
    }
  }
}

// -->
</script>

</head>
<body>
<h2 align='center'>Default test</h2><table border='1' align="center">
<tr>
<td>Tests passed/Failed/Skipped:</td><td>1/0/8</td>
</tr><tr>
<td>Started on:</td><td>Mon Jul 26 16:49:48 IST 2021</td>
</tr>
<tr><td>Total time:</td><td>202 seconds (202087 ms)</td>
</tr><tr>
<td>Included groups:</td><td></td>
</tr><tr>
<td>Excluded groups:</td><td></td>
</tr>
</table><p/>
<small><i>(Hover the method name to see the test class name)</i></small><p/>
<table width='100%' border='1' class='invocation-failed'>
<tr><td colspan='4' align='center'><b>FAILED CONFIGURATIONS</b></td></tr>
<tr><td><b>Test method</b></td>
<td width="30%"><b>Exception</b></td>
<td width="10%"><b>Time (seconds)</b></td>
<td><b>Instance</b></td>
</tr>
<tr>
<td title='TestNGtest.ActiTime.configBeforeClass()'><b>configBeforeClass</b><br>Test class: TestNGtest.ActiTime</td>
<td><div><pre>org.openqa.selenium.WebDriverException: Failed to connect to binary FirefoxBinary(C:\Program Files (x86)\Mozilla Firefox\firefox.exe) on port 7055; process output follows: 
emeManager
1627298397028	addons.manager	DEBUG	Registering shutdown blocker for LightweightThemeManager
1627298397029	addons.manager	DEBUG	Provider finished startup: LightweightThemeManager
1627298397030	addons.manager	DEBUG	Starting provider: GMPProvider
1627298397036	addons.manager	DEBUG	Registering shutdown blocker for GMPProvider
1627298397036	addons.manager	DEBUG	Provider finished startup: GMPProvider
1627298397036	addons.manager	DEBUG	Starting provider: PluginProvider
1627298397037	addons.manager	DEBUG	Registering shutdown blocker for PluginProvider
1627298397037	addons.manager	DEBUG	Provider finished startup: PluginProvider
1627298397048	addons.manager	DEBUG	Completed startup sequence
1627298400128	addons.repository	DEBUG	No addons.json found.
1627298403044	addons.manager	DEBUG	Registering upgrade listener for formautofill@mozilla.org
1627298403359	addons.xpi	DEBUG	Ignoring file: name is not a valid add-on ID: C:\Users\Agrawal\AppData\Local\Temp\anonymous9059155324032407080webdriver-profile\extensions\webdriver-staging
1627298403361	addons.xpi	DEBUG	Existing add-on formautofill@mozilla.org in app-system-defaults
1627298403361	addons.xpi	DEBUG	Existing add-on screenshots@mozilla.org in app-system-defaults
1627298403362	addons.xpi	DEBUG	Existing add-on webcompat-reporter@mozilla.org in app-system-defaults
1627298403362	addons.xpi	DEBUG	Existing add-on webcompat@mozilla.org in app-system-defaults
1627298403364	addons.xpi	DEBUG	scanForChanges changed: false, state: {}
JavaScript error: resource://gre/modules/addons/XPIProvider.jsm, line 2625: TypeError: addon is null
JavaScript error: resource://activity-stream/lib/ActivityStreamPrefs.jsm, line 23: NS_ERROR_ILLEGAL_VALUE: Component returned failure code: 0x80070057 (NS_ERROR_ILLEGAL_VALUE) [nsIPrefBranch.removeObserver]
1627298405674	addons.xpi	DEBUG	Calling bootstrap method shutdown on webcompat@mozilla.org version 3.0.0
1627298405687	addons.xpi	DEBUG	Calling bootstrap method shutdown on screenshots@mozilla.org version 35.0.0
1627298405699	addons.xpi	DEBUG	Calling bootstrap method shutdown on formautofill@mozilla.org version 1.0
[Child 4440, Chrome_ChildThread] WARNING: pipe error: 109: file z:/build/build/src/ipc/chromium/src/chrome/common/ipc_channel_win.cc, line 332
[Child 4440, Chrome_Ch[Child 7484, Chrome_ChildThread] WARNING: pipe error: 109: file z:/build/build/src/ipc/chromium/src/chrome/common/ipc_channel_win.cc, line 332
[Child 7484, Chr1627298406058	addons.manager	DEBUG	shutdown
1627298406061	addons.manager	DEBUG	Calling shutdown blocker for XPIProvider
1627298406062	addons.xpi	DEBUG	shutdown
1627298406062	addons.xpi-utils	DEBUG	shutdown
1627298406062	addons.manager	DEBUG	Calling shutdown blocker for LightweightThemeManager
1627298406063	addons.manager	DEBUG	Calling shutdown blocker for GMPProvider
1627298406063	addons.manager	DEBUG	Calling shutdown blocker for PluginProvider
1627298406074	addons.manager	DEBUG	Async provider shutdown done
JavaScript error: resource://gre/modules/Sqlite.jsm, line 841: Error: Connection is not open.
console.error: 
  [Exception... &quot;Component returned failure code: 0x80004005 (NS_ERROR_FAILURE) [nsIAppShellService.hiddenDOMWindow]&quot;  nsresult: &quot;0x80004005 (NS_ERROR_FAILURE)&quot;  location: &quot;JS frame :: resource://activity-stream/lib/DownloadsManager.jsm :: init :: line 44&quot;  data: no]: init@resource://activity-stream/lib/DownloadsManager.jsm:44:5
postInit@resource://activity-stream/lib/HighlightsFeed.jsm:60:5
handler@resource://gre/modules/EventEmitter.jsm:94:11
emit@resource://gre/modules/EventEmitter.jsm:149:11
init@resource://activity-stream/lib/SectionsManager.jsm:119:5
observe@resource://gre/modules/AsyncShutdown.jsm:541:9

JavaScript error: resource://gre/modules/ExtensionSettingsStore.jsm, line 103: Error: The ExtensionSettingsStore was accessed before the initialize promise resolved.

###!!! [Child][RunMessage] Error: Channel closing: too late to send/recv, messages will be lost

[GPU 9300, Ch
###!!! [Child][MessageChannel::SendAndWait] Error: Channel error: cannot send/recv


Build info: version: &apos;2.53.1&apos;, revision: &apos;a36b8b1&apos;, time: &apos;2016-06-30 17:37:03&apos;
System info: host: &apos;Deepali&apos;, ip: &apos;192.168.5.1&apos;, os.name: &apos;Windows 8.1&apos;, os.arch: &apos;amd64&apos;, os.version: &apos;6.3&apos;, java.version: &apos;1.8.0_181&apos;
Driver info: driver.version: FirefoxDriver
	at org.openqa.selenium.firefox.internal.NewProfileExtensionConnection.start(NewProfileExtensionConnection.java:124)
	at org.openqa.selenium.firefox.FirefoxDriver.startClient(FirefoxDriver.java:271)
	at org.openqa.selenium.remote.RemoteWebDriver.&lt;init&gt;(RemoteWebDriver.java:119)
	at org.openqa.selenium.firefox.FirefoxDriver.&lt;init&gt;(FirefoxDriver.java:218)
	at org.openqa.selenium.firefox.FirefoxDriver.&lt;init&gt;(FirefoxDriver.java:211)
	at org.openqa.selenium.firefox.FirefoxDriver.&lt;init&gt;(FirefoxDriver.java:207)
	at org.openqa.selenium.firefox.FirefoxDriver.&lt;init&gt;(FirefoxDriver.java:120)
	at TestNGtest.ActiTime.configBeforeClass(ActiTime.java:22)
	at sun.reflect.NativeMethodAccessorImpl.invoke0(Native Method)
	at sun.reflect.NativeMethodAccessorImpl.invoke(Unknown Source)
	at sun.reflect.DelegatingMethodAccessorImpl.invoke(Unknown Source)
	at java.lang.reflect.Method.invoke(Unknown Source)
	at org.testng.internal.MethodInvocationHelper.invokeMethod(MethodInvocationHelper.java:85)
	at org.testng.internal.Invoker.invokeConfigurationMethod(Invoker.java:510)
	at org.testng.internal.Invoker.invokeConfigurations(Invoker.java:211)
	at org.testng.internal.Invoker.invokeConfigurations(Invoker.java:138)
	at org.testng.internal.TestMethodWorker.invokeBeforeClassMethods(TestMethodWorker.java:170)
	at org.testng.internal.TestMethodWorker.run(TestMethodWorker.java:104)
	at org.testng.TestRunner.privateRun(TestRunner.java:774)
	at org.testng.TestRunner.run(TestRunner.java:624)
	at org.testng.SuiteRunner.runTest(SuiteRunner.java:359)
	at org.testng.SuiteRunner.runSequentially(SuiteRunner.java:354)
	at org.testng.SuiteRunner.privateRun(SuiteRunner.java:312)
	at org.testng.SuiteRunner.run(SuiteRunner.java:261)
	at org.testng.SuiteRunnerWorker.runSuite(SuiteRunnerWorker.java:52)
	at org.testng.SuiteRunnerWorker.run(SuiteRunnerWorker.java:86)
	at org.testng.TestNG.runSuitesSequentially(TestNG.java:1215)
	at org.testng.TestNG.runSuitesLocally(TestNG.java:1140)
	at org.testng.TestNG.run(TestNG.java:1048)
	at org.testng.remote.AbstractRemoteTestNG.run(AbstractRemoteTestNG.java:114)
	at org.testng.remote.RemoteTestNG.initAndRun(RemoteTestNG.java:251)
	at org.testng.remote.RemoteTestNG.main(RemoteTestNG.java:77)
Caused by: org.openqa.selenium.firefox.NotConnectedException: Unable to connect to host 127.0.0.1 on port 7055 after 45000 ms. Firefox console output:
emeManager
1627298397028	addons.manager	DEBUG	Registering shutdown blocker for LightweightThemeManager
1627298397029	addons.manager	DEBUG	Provider finished startup: LightweightThemeManager
1627298397030	addons.manager	DEBUG	Starting provider: GMPProvider
1627298397036	addons.manager	DEBUG	Registering shutdown blocker for GMPProvider
1627298397036	addons.manager	DEBUG	Provider finished startup: GMPProvider
1627298397036	addons.manager	DEBUG	Starting provider: PluginProvider
1627298397037	addons.manager	DEBUG	Registering shutdown blocker for PluginProvider
1627298397037	addons.manager	DEBUG	Provider finished startup: PluginProvider
1627298397048	addons.manager	DEBUG	Completed startup sequence
1627298400128	addons.repository	DEBUG	No addons.json found.
1627298403044	addons.manager	DEBUG	Registering upgrade listener for formautofill@mozilla.org
1627298403359	addons.xpi	DEBUG	Ignoring file: name is not a valid add-on ID: C:\Users\Agrawal\AppData\Local\Temp\anonymous9059155324032407080webdriver-profile\extensions\webdriver-staging
1627298403361	addons.xpi	DEBUG	Existing add-on formautofill@mozilla.org in app-system-defaults
1627298403361	addons.xpi	DEBUG	Existing add-on screenshots@mozilla.org in app-system-defaults
1627298403362	addons.xpi	DEBUG	Existing add-on webcompat-reporter@mozilla.org in app-system-defaults
1627298403362	addons.xpi	DEBUG	Existing add-on webcompat@mozilla.org in app-system-defaults
1627298403364	addons.xpi	DEBUG	scanForChanges changed: false, state: {}
JavaScript error: resource://gre/modules/addons/XPIProvider.jsm, line 2625: TypeError: addon is null
JavaScript error: resource://activity-stream/lib/ActivityStreamPrefs.jsm, line 23: NS_ERROR_ILLEGAL_VALUE: Component returned failure code: 0x80070057 (NS_ERROR_ILLEGAL_VALUE) [nsIPrefBranch.removeObserver]
1627298405674	addons.xpi	DEBUG	Calling bootstrap method shutdown on webcompat@mozilla.org version 3.0.0
1627298405687	addons.xpi	DEBUG	Calling bootstrap method shutdown on screenshots@mozilla.org version 35.0.0
1627298405699	addons.xpi	DEBUG	Calling bootstrap method shutdown on formautofill@mozilla.org version 1.0
[Child 4440, Chrome_ChildThread] WARNING: pipe error: 109: file z:/build/build/src/ipc/chromium/src/chrome/common/ipc_channel_win.cc, line 332
[Child 4440, Chrome_Ch[Child 7484, Chrome_ChildThread] WARNING: pipe error: 109: file z:/build/build/src/ipc/chromium/src/chrome/common/ipc_channel_win.cc, line 332
[Child 7484, Chr1627298406058	addons.manager	DEBUG	shutdown
1627298406061	addons.manager	DEBUG	Calling shutdown blocker for XPIProvider
1627298406062	addons.xpi	DEBUG	shutdown
1627298406062	addons.xpi-utils	DEBUG	shutdown
1627298406062	addons.manager	DEBUG	Calling shutdown blocker for LightweightThemeManager
1627298406063	addons.manager	DEBUG	Calling shutdown blocker for GMPProvider
1627298406063	addons.manager	DEBUG	Calling shutdown blocker for PluginProvider
1627298406074	addons.manager	DEBUG	Async provider shutdown done
JavaScript error: resource://gre/modules/Sqlite.jsm, line 841: Error: Connection is not open.
console.error: 
  [Exception... &quot;Component returned failure code: 0x80004005 (NS_ERROR_FAILURE) [nsIAppShellService.hiddenDOMWindow]&quot;  nsresult: &quot;0x80004005 (NS_ERROR_FAILURE)&quot;  location: &quot;JS frame :: resource://activity-stream/lib/DownloadsManager.jsm :: init :: line 44&quot;  data: no]: init@resource://activity-stream/lib/DownloadsManager.jsm:44:5
postInit@resource://activity-stream/lib/HighlightsFeed.jsm:60:5
handler@resource://gre/modules/EventEmitter.jsm:94:11
emit@resource://gre/modules/EventEmitter.jsm:149:11
init@resource://activity-stream/lib/SectionsManager.jsm:119:5
observe@resource://gre/modules/AsyncShutdown.jsm:541:9

JavaScript error: resource://gre/modules/ExtensionSettingsStore.jsm, line 103: Error: The ExtensionSettingsStore was accessed before the initialize promise resolved.

###!!! [Child][RunMessage] Error: Channel closing: too late to send/recv, messages will be lost

[GPU 9300, Ch
###!!! [Child][MessageChannel::SendAndWait] Error: Channel error: cannot send/recv


	at org.openqa.selenium.firefox.internal.NewProfileExtensionConnection.start(NewProfileExtensionConnection.java:112)
	... 31 more
</pre></div><a href='#' onClick='toggleBox("stack-trace2123444693", this, "Click to show all stack frames", "Click to hide stack frames")'>Click to show all stack frames</a>
<div class='stack-trace' id='stack-trace2123444693'><pre>org.openqa.selenium.WebDriverException: Failed to connect to binary FirefoxBinary(C:\Program Files (x86)\Mozilla Firefox\firefox.exe) on port 7055; process output follows: 
emeManager
1627298397028	addons.manager	DEBUG	Registering shutdown blocker for LightweightThemeManager
1627298397029	addons.manager	DEBUG	Provider finished startup: LightweightThemeManager
1627298397030	addons.manager	DEBUG	Starting provider: GMPProvider
1627298397036	addons.manager	DEBUG	Registering shutdown blocker for GMPProvider
1627298397036	addons.manager	DEBUG	Provider finished startup: GMPProvider
1627298397036	addons.manager	DEBUG	Starting provider: PluginProvider
1627298397037	addons.manager	DEBUG	Registering shutdown blocker for PluginProvider
1627298397037	addons.manager	DEBUG	Provider finished startup: PluginProvider
1627298397048	addons.manager	DEBUG	Completed startup sequence
1627298400128	addons.repository	DEBUG	No addons.json found.
1627298403044	addons.manager	DEBUG	Registering upgrade listener for formautofill@mozilla.org
1627298403359	addons.xpi	DEBUG	Ignoring file: name is not a valid add-on ID: C:\Users\Agrawal\AppData\Local\Temp\anonymous9059155324032407080webdriver-profile\extensions\webdriver-staging
1627298403361	addons.xpi	DEBUG	Existing add-on formautofill@mozilla.org in app-system-defaults
1627298403361	addons.xpi	DEBUG	Existing add-on screenshots@mozilla.org in app-system-defaults
1627298403362	addons.xpi	DEBUG	Existing add-on webcompat-reporter@mozilla.org in app-system-defaults
1627298403362	addons.xpi	DEBUG	Existing add-on webcompat@mozilla.org in app-system-defaults
1627298403364	addons.xpi	DEBUG	scanForChanges changed: false, state: {}
JavaScript error: resource://gre/modules/addons/XPIProvider.jsm, line 2625: TypeError: addon is null
JavaScript error: resource://activity-stream/lib/ActivityStreamPrefs.jsm, line 23: NS_ERROR_ILLEGAL_VALUE: Component returned failure code: 0x80070057 (NS_ERROR_ILLEGAL_VALUE) [nsIPrefBranch.removeObserver]
1627298405674	addons.xpi	DEBUG	Calling bootstrap method shutdown on webcompat@mozilla.org version 3.0.0
1627298405687	addons.xpi	DEBUG	Calling bootstrap method shutdown on screenshots@mozilla.org version 35.0.0
1627298405699	addons.xpi	DEBUG	Calling bootstrap method shutdown on formautofill@mozilla.org version 1.0
[Child 4440, Chrome_ChildThread] WARNING: pipe error: 109: file z:/build/build/src/ipc/chromium/src/chrome/common/ipc_channel_win.cc, line 332
[Child 4440, Chrome_Ch[Child 7484, Chrome_ChildThread] WARNING: pipe error: 109: file z:/build/build/src/ipc/chromium/src/chrome/common/ipc_channel_win.cc, line 332
[Child 7484, Chr1627298406058	addons.manager	DEBUG	shutdown
1627298406061	addons.manager	DEBUG	Calling shutdown blocker for XPIProvider
1627298406062	addons.xpi	DEBUG	shutdown
1627298406062	addons.xpi-utils	DEBUG	shutdown
1627298406062	addons.manager	DEBUG	Calling shutdown blocker for LightweightThemeManager
1627298406063	addons.manager	DEBUG	Calling shutdown blocker for GMPProvider
1627298406063	addons.manager	DEBUG	Calling shutdown blocker for PluginProvider
1627298406074	addons.manager	DEBUG	Async provider shutdown done
JavaScript error: resource://gre/modules/Sqlite.jsm, line 841: Error: Connection is not open.
console.error: 
  [Exception... &quot;Component returned failure code: 0x80004005 (NS_ERROR_FAILURE) [nsIAppShellService.hiddenDOMWindow]&quot;  nsresult: &quot;0x80004005 (NS_ERROR_FAILURE)&quot;  location: &quot;JS frame :: resource://activity-stream/lib/DownloadsManager.jsm :: init :: line 44&quot;  data: no]: init@resource://activity-stream/lib/DownloadsManager.jsm:44:5
postInit@resource://activity-stream/lib/HighlightsFeed.jsm:60:5
handler@resource://gre/modules/EventEmitter.jsm:94:11
emit@resource://gre/modules/EventEmitter.jsm:149:11
init@resource://activity-stream/lib/SectionsManager.jsm:119:5
observe@resource://gre/modules/AsyncShutdown.jsm:541:9

JavaScript error: resource://gre/modules/ExtensionSettingsStore.jsm, line 103: Error: The ExtensionSettingsStore was accessed before the initialize promise resolved.

###!!! [Child][RunMessage] Error: Channel closing: too late to send/recv, messages will be lost

[GPU 9300, Ch
###!!! [Child][MessageChannel::SendAndWait] Error: Channel error: cannot send/recv


Build info: version: &apos;2.53.1&apos;, revision: &apos;a36b8b1&apos;, time: &apos;2016-06-30 17:37:03&apos;
System info: host: &apos;Deepali&apos;, ip: &apos;192.168.5.1&apos;, os.name: &apos;Windows 8.1&apos;, os.arch: &apos;amd64&apos;, os.version: &apos;6.3&apos;, java.version: &apos;1.8.0_181&apos;
Driver info: driver.version: FirefoxDriver
	at org.openqa.selenium.firefox.internal.NewProfileExtensionConnection.start(NewProfileExtensionConnection.java:124)
	at org.openqa.selenium.firefox.FirefoxDriver.startClient(FirefoxDriver.java:271)
	at org.openqa.selenium.remote.RemoteWebDriver.&lt;init&gt;(RemoteWebDriver.java:119)
	at org.openqa.selenium.firefox.FirefoxDriver.&lt;init&gt;(FirefoxDriver.java:218)
	at org.openqa.selenium.firefox.FirefoxDriver.&lt;init&gt;(FirefoxDriver.java:211)
	at org.openqa.selenium.firefox.FirefoxDriver.&lt;init&gt;(FirefoxDriver.java:207)
	at org.openqa.selenium.firefox.FirefoxDriver.&lt;init&gt;(FirefoxDriver.java:120)
	at TestNGtest.ActiTime.configBeforeClass(ActiTime.java:22)
	at sun.reflect.NativeMethodAccessorImpl.invoke0(Native Method)
	at sun.reflect.NativeMethodAccessorImpl.invoke(Unknown Source)
	at sun.reflect.DelegatingMethodAccessorImpl.invoke(Unknown Source)
	at java.lang.reflect.Method.invoke(Unknown Source)
	at org.testng.internal.MethodInvocationHelper.invokeMethod(MethodInvocationHelper.java:85)
	at org.testng.internal.Invoker.invokeConfigurationMethod(Invoker.java:510)
	at org.testng.internal.Invoker.invokeConfigurations(Invoker.java:211)
	at org.testng.internal.Invoker.invokeConfigurations(Invoker.java:138)
	at org.testng.internal.TestMethodWorker.invokeBeforeClassMethods(TestMethodWorker.java:170)
	at org.testng.internal.TestMethodWorker.run(TestMethodWorker.java:104)
	at org.testng.TestRunner.privateRun(TestRunner.java:774)
	at org.testng.TestRunner.run(TestRunner.java:624)
	at org.testng.SuiteRunner.runTest(SuiteRunner.java:359)
	at org.testng.SuiteRunner.runSequentially(SuiteRunner.java:354)
	at org.testng.SuiteRunner.privateRun(SuiteRunner.java:312)
	at org.testng.SuiteRunner.run(SuiteRunner.java:261)
	at org.testng.SuiteRunnerWorker.runSuite(SuiteRunnerWorker.java:52)
	at org.testng.SuiteRunnerWorker.run(SuiteRunnerWorker.java:86)
	at org.testng.TestNG.runSuitesSequentially(TestNG.java:1215)
	at org.testng.TestNG.runSuitesLocally(TestNG.java:1140)
	at org.testng.TestNG.run(TestNG.java:1048)
	at org.testng.remote.AbstractRemoteTestNG.run(AbstractRemoteTestNG.java:114)
	at org.testng.remote.RemoteTestNG.initAndRun(RemoteTestNG.java:251)
	at org.testng.remote.RemoteTestNG.main(RemoteTestNG.java:77)
Caused by: org.openqa.selenium.firefox.NotConnectedException: Unable to connect to host 127.0.0.1 on port 7055 after 45000 ms. Firefox console output:
emeManager
1627298397028	addons.manager	DEBUG	Registering shutdown blocker for LightweightThemeManager
1627298397029	addons.manager	DEBUG	Provider finished startup: LightweightThemeManager
1627298397030	addons.manager	DEBUG	Starting provider: GMPProvider
1627298397036	addons.manager	DEBUG	Registering shutdown blocker for GMPProvider
1627298397036	addons.manager	DEBUG	Provider finished startup: GMPProvider
1627298397036	addons.manager	DEBUG	Starting provider: PluginProvider
1627298397037	addons.manager	DEBUG	Registering shutdown blocker for PluginProvider
1627298397037	addons.manager	DEBUG	Provider finished startup: PluginProvider
1627298397048	addons.manager	DEBUG	Completed startup sequence
1627298400128	addons.repository	DEBUG	No addons.json found.
1627298403044	addons.manager	DEBUG	Registering upgrade listener for formautofill@mozilla.org
1627298403359	addons.xpi	DEBUG	Ignoring file: name is not a valid add-on ID: C:\Users\Agrawal\AppData\Local\Temp\anonymous9059155324032407080webdriver-profile\extensions\webdriver-staging
1627298403361	addons.xpi	DEBUG	Existing add-on formautofill@mozilla.org in app-system-defaults
1627298403361	addons.xpi	DEBUG	Existing add-on screenshots@mozilla.org in app-system-defaults
1627298403362	addons.xpi	DEBUG	Existing add-on webcompat-reporter@mozilla.org in app-system-defaults
1627298403362	addons.xpi	DEBUG	Existing add-on webcompat@mozilla.org in app-system-defaults
1627298403364	addons.xpi	DEBUG	scanForChanges changed: false, state: {}
JavaScript error: resource://gre/modules/addons/XPIProvider.jsm, line 2625: TypeError: addon is null
JavaScript error: resource://activity-stream/lib/ActivityStreamPrefs.jsm, line 23: NS_ERROR_ILLEGAL_VALUE: Component returned failure code: 0x80070057 (NS_ERROR_ILLEGAL_VALUE) [nsIPrefBranch.removeObserver]
1627298405674	addons.xpi	DEBUG	Calling bootstrap method shutdown on webcompat@mozilla.org version 3.0.0
1627298405687	addons.xpi	DEBUG	Calling bootstrap method shutdown on screenshots@mozilla.org version 35.0.0
1627298405699	addons.xpi	DEBUG	Calling bootstrap method shutdown on formautofill@mozilla.org version 1.0
[Child 4440, Chrome_ChildThread] WARNING: pipe error: 109: file z:/build/build/src/ipc/chromium/src/chrome/common/ipc_channel_win.cc, line 332
[Child 4440, Chrome_Ch[Child 7484, Chrome_ChildThread] WARNING: pipe error: 109: file z:/build/build/src/ipc/chromium/src/chrome/common/ipc_channel_win.cc, line 332
[Child 7484, Chr1627298406058	addons.manager	DEBUG	shutdown
1627298406061	addons.manager	DEBUG	Calling shutdown blocker for XPIProvider
1627298406062	addons.xpi	DEBUG	shutdown
1627298406062	addons.xpi-utils	DEBUG	shutdown
1627298406062	addons.manager	DEBUG	Calling shutdown blocker for LightweightThemeManager
1627298406063	addons.manager	DEBUG	Calling shutdown blocker for GMPProvider
1627298406063	addons.manager	DEBUG	Calling shutdown blocker for PluginProvider
1627298406074	addons.manager	DEBUG	Async provider shutdown done
JavaScript error: resource://gre/modules/Sqlite.jsm, line 841: Error: Connection is not open.
console.error: 
  [Exception... &quot;Component returned failure code: 0x80004005 (NS_ERROR_FAILURE) [nsIAppShellService.hiddenDOMWindow]&quot;  nsresult: &quot;0x80004005 (NS_ERROR_FAILURE)&quot;  location: &quot;JS frame :: resource://activity-stream/lib/DownloadsManager.jsm :: init :: line 44&quot;  data: no]: init@resource://activity-stream/lib/DownloadsManager.jsm:44:5
postInit@resource://activity-stream/lib/HighlightsFeed.jsm:60:5
handler@resource://gre/modules/EventEmitter.jsm:94:11
emit@resource://gre/modules/EventEmitter.jsm:149:11
init@resource://activity-stream/lib/SectionsManager.jsm:119:5
observe@resource://gre/modules/AsyncShutdown.jsm:541:9

JavaScript error: resource://gre/modules/ExtensionSettingsStore.jsm, line 103: Error: The ExtensionSettingsStore was accessed before the initialize promise resolved.

###!!! [Child][RunMessage] Error: Channel closing: too late to send/recv, messages will be lost

[GPU 9300, Ch
###!!! [Child][MessageChannel::SendAndWait] Error: Channel error: cannot send/recv


	at org.openqa.selenium.firefox.internal.NewProfileExtensionConnection.start(NewProfileExtensionConnection.java:112)
	... 31 more
</pre></div></td>
<td>0</td>
<td>TestNGtest.ActiTime@396a51ab</td></tr>
<tr>
<td title='TestNGtest.UserTest.cofigbeforeClass()'><b>cofigbeforeClass</b><br>Test class: TestNGtest.UserTest</td>
<td><div><pre>org.openqa.selenium.WebDriverException: Unable to bind to locking port 7054 within 45000 ms
Build info: version: &apos;2.53.1&apos;, revision: &apos;a36b8b1&apos;, time: &apos;2016-06-30 17:37:03&apos;
System info: host: &apos;Deepali&apos;, ip: &apos;192.168.5.1&apos;, os.name: &apos;Windows 8.1&apos;, os.arch: &apos;amd64&apos;, os.version: &apos;6.3&apos;, java.version: &apos;1.8.0_181&apos;
Driver info: driver.version: FirefoxDriver
	at org.openqa.selenium.internal.SocketLock.lock(SocketLock.java:99)
	at org.openqa.selenium.firefox.internal.NewProfileExtensionConnection.start(NewProfileExtensionConnection.java:80)
	at org.openqa.selenium.firefox.FirefoxDriver.startClient(FirefoxDriver.java:271)
	at org.openqa.selenium.remote.RemoteWebDriver.&lt;init&gt;(RemoteWebDriver.java:119)
	at org.openqa.selenium.firefox.FirefoxDriver.&lt;init&gt;(FirefoxDriver.java:218)
	at org.openqa.selenium.firefox.FirefoxDriver.&lt;init&gt;(FirefoxDriver.java:211)
	at org.openqa.selenium.firefox.FirefoxDriver.&lt;init&gt;(FirefoxDriver.java:207)
	at org.openqa.selenium.firefox.FirefoxDriver.&lt;init&gt;(FirefoxDriver.java:120)
	at TestNGtest.UserTest.cofigbeforeClass(UserTest.java:20)
	at sun.reflect.NativeMethodAccessorImpl.invoke0(Native Method)
	at sun.reflect.NativeMethodAccessorImpl.invoke(Unknown Source)
	at sun.reflect.DelegatingMethodAccessorImpl.invoke(Unknown Source)
	at java.lang.reflect.Method.invoke(Unknown Source)
	at org.testng.internal.MethodInvocationHelper.invokeMethod(MethodInvocationHelper.java:85)
	at org.testng.internal.Invoker.invokeConfigurationMethod(Invoker.java:510)
	at org.testng.internal.Invoker.invokeConfigurations(Invoker.java:211)
	at org.testng.internal.Invoker.invokeConfigurations(Invoker.java:138)
	at org.testng.internal.TestMethodWorker.invokeBeforeClassMethods(TestMethodWorker.java:170)
	at org.testng.internal.TestMethodWorker.run(TestMethodWorker.java:104)
	at org.testng.TestRunner.privateRun(TestRunner.java:774)
	at org.testng.TestRunner.run(TestRunner.java:624)
	at org.testng.SuiteRunner.runTest(SuiteRunner.java:359)
	at org.testng.SuiteRunner.runSequentially(SuiteRunner.java:354)
	at org.testng.SuiteRunner.privateRun(SuiteRunner.java:312)
	at org.testng.SuiteRunner.run(SuiteRunner.java:261)
	at org.testng.SuiteRunnerWorker.runSuite(SuiteRunnerWorker.java:52)
	at org.testng.SuiteRunnerWorker.run(SuiteRunnerWorker.java:86)
	at org.testng.TestNG.runSuitesSequentially(TestNG.java:1215)
	at org.testng.TestNG.runSuitesLocally(TestNG.java:1140)
	at org.testng.TestNG.run(TestNG.java:1048)
	at org.testng.remote.AbstractRemoteTestNG.run(AbstractRemoteTestNG.java:114)
	at org.testng.remote.RemoteTestNG.initAndRun(RemoteTestNG.java:251)
	at org.testng.remote.RemoteTestNG.main(RemoteTestNG.java:77)
</pre></div><a href='#' onClick='toggleBox("stack-trace931496835", this, "Click to show all stack frames", "Click to hide stack frames")'>Click to show all stack frames</a>
<div class='stack-trace' id='stack-trace931496835'><pre>org.openqa.selenium.WebDriverException: Unable to bind to locking port 7054 within 45000 ms
Build info: version: &apos;2.53.1&apos;, revision: &apos;a36b8b1&apos;, time: &apos;2016-06-30 17:37:03&apos;
System info: host: &apos;Deepali&apos;, ip: &apos;192.168.5.1&apos;, os.name: &apos;Windows 8.1&apos;, os.arch: &apos;amd64&apos;, os.version: &apos;6.3&apos;, java.version: &apos;1.8.0_181&apos;
Driver info: driver.version: FirefoxDriver
	at org.openqa.selenium.internal.SocketLock.lock(SocketLock.java:99)
	at org.openqa.selenium.firefox.internal.NewProfileExtensionConnection.start(NewProfileExtensionConnection.java:80)
	at org.openqa.selenium.firefox.FirefoxDriver.startClient(FirefoxDriver.java:271)
	at org.openqa.selenium.remote.RemoteWebDriver.&lt;init&gt;(RemoteWebDriver.java:119)
	at org.openqa.selenium.firefox.FirefoxDriver.&lt;init&gt;(FirefoxDriver.java:218)
	at org.openqa.selenium.firefox.FirefoxDriver.&lt;init&gt;(FirefoxDriver.java:211)
	at org.openqa.selenium.firefox.FirefoxDriver.&lt;init&gt;(FirefoxDriver.java:207)
	at org.openqa.selenium.firefox.FirefoxDriver.&lt;init&gt;(FirefoxDriver.java:120)
	at TestNGtest.UserTest.cofigbeforeClass(UserTest.java:20)
	at sun.reflect.NativeMethodAccessorImpl.invoke0(Native Method)
	at sun.reflect.NativeMethodAccessorImpl.invoke(Unknown Source)
	at sun.reflect.DelegatingMethodAccessorImpl.invoke(Unknown Source)
	at java.lang.reflect.Method.invoke(Unknown Source)
	at org.testng.internal.MethodInvocationHelper.invokeMethod(MethodInvocationHelper.java:85)
	at org.testng.internal.Invoker.invokeConfigurationMethod(Invoker.java:510)
	at org.testng.internal.Invoker.invokeConfigurations(Invoker.java:211)
	at org.testng.internal.Invoker.invokeConfigurations(Invoker.java:138)
	at org.testng.internal.TestMethodWorker.invokeBeforeClassMethods(TestMethodWorker.java:170)
	at org.testng.internal.TestMethodWorker.run(TestMethodWorker.java:104)
	at org.testng.TestRunner.privateRun(TestRunner.java:774)
	at org.testng.TestRunner.run(TestRunner.java:624)
	at org.testng.SuiteRunner.runTest(SuiteRunner.java:359)
	at org.testng.SuiteRunner.runSequentially(SuiteRunner.java:354)
	at org.testng.SuiteRunner.privateRun(SuiteRunner.java:312)
	at org.testng.SuiteRunner.run(SuiteRunner.java:261)
	at org.testng.SuiteRunnerWorker.runSuite(SuiteRunnerWorker.java:52)
	at org.testng.SuiteRunnerWorker.run(SuiteRunnerWorker.java:86)
	at org.testng.TestNG.runSuitesSequentially(TestNG.java:1215)
	at org.testng.TestNG.runSuitesLocally(TestNG.java:1140)
	at org.testng.TestNG.run(TestNG.java:1048)
	at org.testng.remote.AbstractRemoteTestNG.run(AbstractRemoteTestNG.java:114)
	at org.testng.remote.RemoteTestNG.initAndRun(RemoteTestNG.java:251)
	at org.testng.remote.RemoteTestNG.main(RemoteTestNG.java:77)
</pre></div></td>
<td>0</td>
<td>TestNGtest.UserTest@51081592</td></tr>
<tr>
<td title='TestNGtest.GoogleTest.setUpbeforeMethod()'><b>setUpbeforeMethod</b><br>Test class: TestNGtest.GoogleTest</td>
<td><div><pre>org.openqa.selenium.WebDriverException: Failed to connect to binary FirefoxBinary(C:\Program Files (x86)\Mozilla Firefox\firefox.exe) on port 7055; process output follows: 
tCompatibility&quot;:true,&quot;locales&quot;:[],&quot;targetApplications&quot;:[{&quot;id&quot;:&quot;toolkit@mozilla.org&quot;,&quot;minVersion&quot;:null,&quot;maxVersion&quot;:null}],&quot;targetPlatforms&quot;:[],&quot;seen&quot;:true,&quot;dependencies&quot;:[],&quot;userPermissions&quot;:{&quot;permissions&quot;:[&quot;tabs&quot;],&quot;origins&quot;:[&quot;&lt;all_urls&gt;&quot;]},&quot;icons&quot;:{&quot;16&quot;:&quot;icons/lightbulb.svg&quot;,&quot;32&quot;:&quot;icons/lightbulb.svg&quot;,&quot;48&quot;:&quot;icons/lightbulb.svg&quot;,&quot;96&quot;:&quot;icons/lightbulb.svg&quot;,&quot;128&quot;:&quot;icons/lightbulb.svg&quot;},&quot;iconURL&quot;:null,&quot;blocklistState&quot;:0,&quot;blocklistURL&quot;:null,&quot;startupData&quot;:null,&quot;hidden&quot;:true,&quot;installTelemetryInfo&quot;:null,&quot;location&quot;:&quot;app-system-defaults&quot;}
1627298496234	addons.xpi	DEBUG	Updating XPIState for {&quot;id&quot;:&quot;webcompat@mozilla.org&quot;,&quot;syncGUID&quot;:&quot;{3d521450-e650-46b9-83f7-42e0a43c8c94}&quot;,&quot;version&quot;:&quot;3.0.0&quot;,&quot;type&quot;:&quot;extension&quot;,&quot;loader&quot;:null,&quot;updateURL&quot;:null,&quot;optionsURL&quot;:null,&quot;optionsType&quot;:null,&quot;optionsBrowserStyle&quot;:true,&quot;aboutURL&quot;:null,&quot;defaultLocale&quot;:{&quot;name&quot;:&quot;Web Compat&quot;,&quot;description&quot;:&quot;Urgent post-release fixes for web compatibility.&quot;,&quot;creator&quot;:null,&quot;developers&quot;:null,&quot;translators&quot;:null,&quot;contributors&quot;:null},&quot;visible&quot;:true,&quot;active&quot;:true,&quot;userDisabled&quot;:false,&quot;appDisabled&quot;:false,&quot;installDate&quot;:1553885617707,&quot;updateDate&quot;:1553885617707,&quot;applyBackgroundUpdates&quot;:1,&quot;path&quot;:&quot;C:\\Program Files (x86)\\Mozilla Firefox\\browser\\features\\webcompat@mozilla.org.xpi&quot;,&quot;skinnable&quot;:false,&quot;sourceURI&quot;:null,&quot;releaseNotesURI&quot;:null,&quot;softDisabled&quot;:false,&quot;foreignInstall&quot;:false,&quot;strictCompatibility&quot;:true,&quot;locales&quot;:[],&quot;targetApplications&quot;:[{&quot;id&quot;:&quot;toolkit@mozilla.org&quot;,&quot;minVersion&quot;:&quot;59.0b5&quot;,&quot;maxVersion&quot;:null}],&quot;targetPlatforms&quot;:[],&quot;seen&quot;:true,&quot;dependencies&quot;:[],&quot;userPermissions&quot;:{&quot;permissions&quot;:[&quot;webRequest&quot;,&quot;webRequestBlocking&quot;],&quot;origins&quot;:[&quot;&lt;all_urls&gt;&quot;]},&quot;icons&quot;:{},&quot;iconURL&quot;:null,&quot;blocklistState&quot;:0,&quot;blocklistURL&quot;:null,&quot;startupData&quot;:null,&quot;hidden&quot;:true,&quot;installTelemetryInfo&quot;:null,&quot;location&quot;:&quot;app-system-defaults&quot;}
1627298496235	addons.xpi-utils	DEBUG	Updating add-on states
1627298496240	addons.xpi	DEBUG	Calling bootstrap method startup on formautofill@mozilla.org version 1.0
1627298496245	addons.xpi	DEBUG	Calling bootstrap method startup on screenshots@mozilla.org version 35.0.0
1627298496247	addons.xpi	DEBUG	Calling bootstrap method startup on webcompat@mozilla.org version 3.0.0
1627298496253	addons.manager	DEBUG	Registering shutdown blocker for XPIProvider
1627298496253	addons.manager	DEBUG	Provider finished startup: XPIProvider
1627298496253	addons.manager	DEBUG	Starting provider: LightweightThemeManager
1627298496253	addons.manager	DEBUG	Registering shutdown blocker for LightweightThemeManager
1627298496254	addons.manager	DEBUG	Provider finished startup: LightweightThemeManager
1627298496256	addons.manager	DEBUG	Starting provider: GMPProvider
1627298496261	addons.manager	DEBUG	Registering shutdown blocker for GMPProvider
1627298496262	addons.manager	DEBUG	Provider finished startup: GMPProvider
1627298496262	addons.manager	DEBUG	Starting provider: PluginProvider
1627298496262	addons.manager	DEBUG	Registering shutdown blocker for PluginProvider
1627298496263	addons.manager	DEBUG	Provider finished startup: PluginProvider
1627298496274	addons.manager	DEBUG	Completed startup sequence
1627298498113	addons.xpi-utils	DEBUG	XPI Database saved, setting schema version preference to 28
1627298499002	addons.repository	DEBUG	No addons.json found.
1627298501769	addons.manager	DEBUG	Registering upgrade listener for formautofill@mozilla.org
1627298502032	addons.xpi	DEBUG	Ignoring file: name is not a valid add-on ID: C:\Users\Agrawal\AppData\Local\Temp\anonymous581091816593397508webdriver-profile\extensions\webdriver-staging
1627298502034	addons.xpi	DEBUG	Existing add-on formautofill@mozilla.org in app-system-defaults
1627298502034	addons.xpi	DEBUG	Existing add-on screenshots@mozilla.org in app-system-defaults
1627298502035	addons.xpi	DEBUG	Existing add-on webcompat-reporter@mozilla.org in app-system-defaults
1627298502035	addons.xpi	DEBUG	Existing add-on webcompat@mozilla.org in app-system-defaults
1627298502037	addons.xpi	DEBUG	scanForChanges changed: false, state: {}
JavaScript error: resource://gre/modules/addons/XPIProvider.jsm, line 2625: TypeError: addon is null

Build info: version: &apos;2.53.1&apos;, revision: &apos;a36b8b1&apos;, time: &apos;2016-06-30 17:37:03&apos;
System info: host: &apos;Deepali&apos;, ip: &apos;192.168.5.1&apos;, os.name: &apos;Windows 8.1&apos;, os.arch: &apos;amd64&apos;, os.version: &apos;6.3&apos;, java.version: &apos;1.8.0_181&apos;
Driver info: driver.version: FirefoxDriver
	at org.openqa.selenium.firefox.internal.NewProfileExtensionConnection.start(NewProfileExtensionConnection.java:124)
	at org.openqa.selenium.firefox.FirefoxDriver.startClient(FirefoxDriver.java:271)
	at org.openqa.selenium.remote.RemoteWebDriver.&lt;init&gt;(RemoteWebDriver.java:119)
	at org.openqa.selenium.firefox.FirefoxDriver.&lt;init&gt;(FirefoxDriver.java:218)
	at org.openqa.selenium.firefox.FirefoxDriver.&lt;init&gt;(FirefoxDriver.java:211)
	at org.openqa.selenium.firefox.FirefoxDriver.&lt;init&gt;(FirefoxDriver.java:207)
	at org.openqa.selenium.firefox.FirefoxDriver.&lt;init&gt;(FirefoxDriver.java:120)
	at TestNGtest.GoogleTest.setUpbeforeMethod(GoogleTest.java:21)
	at sun.reflect.NativeMethodAccessorImpl.invoke0(Native Method)
	at sun.reflect.NativeMethodAccessorImpl.invoke(Unknown Source)
	at sun.reflect.DelegatingMethodAccessorImpl.invoke(Unknown Source)
	at java.lang.reflect.Method.invoke(Unknown Source)
	at org.testng.internal.MethodInvocationHelper.invokeMethod(MethodInvocationHelper.java:85)
	at org.testng.internal.Invoker.invokeConfigurationMethod(Invoker.java:510)
	at org.testng.internal.Invoker.invokeConfigurations(Invoker.java:211)
	at org.testng.internal.Invoker.invokeMethod(Invoker.java:585)
	at org.testng.internal.Invoker.invokeTestMethod(Invoker.java:816)
	at org.testng.internal.Invoker.invokeTestMethods(Invoker.java:1124)
	at org.testng.internal.TestMethodWorker.invokeTestMethods(TestMethodWorker.java:125)
	at org.testng.internal.TestMethodWorker.run(TestMethodWorker.java:108)
	at org.testng.TestRunner.privateRun(TestRunner.java:774)
	at org.testng.TestRunner.run(TestRunner.java:624)
	at org.testng.SuiteRunner.runTest(SuiteRunner.java:359)
	at org.testng.SuiteRunner.runSequentially(SuiteRunner.java:354)
	at org.testng.SuiteRunner.privateRun(SuiteRunner.java:312)
	at org.testng.SuiteRunner.run(SuiteRunner.java:261)
	at org.testng.SuiteRunnerWorker.runSuite(SuiteRunnerWorker.java:52)
	at org.testng.SuiteRunnerWorker.run(SuiteRunnerWorker.java:86)
	at org.testng.TestNG.runSuitesSequentially(TestNG.java:1215)
	at org.testng.TestNG.runSuitesLocally(TestNG.java:1140)
	at org.testng.TestNG.run(TestNG.java:1048)
	at org.testng.remote.AbstractRemoteTestNG.run(AbstractRemoteTestNG.java:114)
	at org.testng.remote.RemoteTestNG.initAndRun(RemoteTestNG.java:251)
	at org.testng.remote.RemoteTestNG.main(RemoteTestNG.java:77)
Caused by: org.openqa.selenium.firefox.NotConnectedException: Unable to connect to host 127.0.0.1 on port 7055 after 45000 ms. Firefox console output:
tCompatibility&quot;:true,&quot;locales&quot;:[],&quot;targetApplications&quot;:[{&quot;id&quot;:&quot;toolkit@mozilla.org&quot;,&quot;minVersion&quot;:null,&quot;maxVersion&quot;:null}],&quot;targetPlatforms&quot;:[],&quot;seen&quot;:true,&quot;dependencies&quot;:[],&quot;userPermissions&quot;:{&quot;permissions&quot;:[&quot;tabs&quot;],&quot;origins&quot;:[&quot;&lt;all_urls&gt;&quot;]},&quot;icons&quot;:{&quot;16&quot;:&quot;icons/lightbulb.svg&quot;,&quot;32&quot;:&quot;icons/lightbulb.svg&quot;,&quot;48&quot;:&quot;icons/lightbulb.svg&quot;,&quot;96&quot;:&quot;icons/lightbulb.svg&quot;,&quot;128&quot;:&quot;icons/lightbulb.svg&quot;},&quot;iconURL&quot;:null,&quot;blocklistState&quot;:0,&quot;blocklistURL&quot;:null,&quot;startupData&quot;:null,&quot;hidden&quot;:true,&quot;installTelemetryInfo&quot;:null,&quot;location&quot;:&quot;app-system-defaults&quot;}
1627298496234	addons.xpi	DEBUG	Updating XPIState for {&quot;id&quot;:&quot;webcompat@mozilla.org&quot;,&quot;syncGUID&quot;:&quot;{3d521450-e650-46b9-83f7-42e0a43c8c94}&quot;,&quot;version&quot;:&quot;3.0.0&quot;,&quot;type&quot;:&quot;extension&quot;,&quot;loader&quot;:null,&quot;updateURL&quot;:null,&quot;optionsURL&quot;:null,&quot;optionsType&quot;:null,&quot;optionsBrowserStyle&quot;:true,&quot;aboutURL&quot;:null,&quot;defaultLocale&quot;:{&quot;name&quot;:&quot;Web Compat&quot;,&quot;description&quot;:&quot;Urgent post-release fixes for web compatibility.&quot;,&quot;creator&quot;:null,&quot;developers&quot;:null,&quot;translators&quot;:null,&quot;contributors&quot;:null},&quot;visible&quot;:true,&quot;active&quot;:true,&quot;userDisabled&quot;:false,&quot;appDisabled&quot;:false,&quot;installDate&quot;:1553885617707,&quot;updateDate&quot;:1553885617707,&quot;applyBackgroundUpdates&quot;:1,&quot;path&quot;:&quot;C:\\Program Files (x86)\\Mozilla Firefox\\browser\\features\\webcompat@mozilla.org.xpi&quot;,&quot;skinnable&quot;:false,&quot;sourceURI&quot;:null,&quot;releaseNotesURI&quot;:null,&quot;softDisabled&quot;:false,&quot;foreignInstall&quot;:false,&quot;strictCompatibility&quot;:true,&quot;locales&quot;:[],&quot;targetApplications&quot;:[{&quot;id&quot;:&quot;toolkit@mozilla.org&quot;,&quot;minVersion&quot;:&quot;59.0b5&quot;,&quot;maxVersion&quot;:null}],&quot;targetPlatforms&quot;:[],&quot;seen&quot;:true,&quot;dependencies&quot;:[],&quot;userPermissions&quot;:{&quot;permissions&quot;:[&quot;webRequest&quot;,&quot;webRequestBlocking&quot;],&quot;origins&quot;:[&quot;&lt;all_urls&gt;&quot;]},&quot;icons&quot;:{},&quot;iconURL&quot;:null,&quot;blocklistState&quot;:0,&quot;blocklistURL&quot;:null,&quot;startupData&quot;:null,&quot;hidden&quot;:true,&quot;installTelemetryInfo&quot;:null,&quot;location&quot;:&quot;app-system-defaults&quot;}
1627298496235	addons.xpi-utils	DEBUG	Updating add-on states
1627298496240	addons.xpi	DEBUG	Calling bootstrap method startup on formautofill@mozilla.org version 1.0
1627298496245	addons.xpi	DEBUG	Calling bootstrap method startup on screenshots@mozilla.org version 35.0.0
1627298496247	addons.xpi	DEBUG	Calling bootstrap method startup on webcompat@mozilla.org version 3.0.0
1627298496253	addons.manager	DEBUG	Registering shutdown blocker for XPIProvider
1627298496253	addons.manager	DEBUG	Provider finished startup: XPIProvider
1627298496253	addons.manager	DEBUG	Starting provider: LightweightThemeManager
1627298496253	addons.manager	DEBUG	Registering shutdown blocker for LightweightThemeManager
1627298496254	addons.manager	DEBUG	Provider finished startup: LightweightThemeManager
1627298496256	addons.manager	DEBUG	Starting provider: GMPProvider
1627298496261	addons.manager	DEBUG	Registering shutdown blocker for GMPProvider
1627298496262	addons.manager	DEBUG	Provider finished startup: GMPProvider
1627298496262	addons.manager	DEBUG	Starting provider: PluginProvider
1627298496262	addons.manager	DEBUG	Registering shutdown blocker for PluginProvider
1627298496263	addons.manager	DEBUG	Provider finished startup: PluginProvider
1627298496274	addons.manager	DEBUG	Completed startup sequence
1627298498113	addons.xpi-utils	DEBUG	XPI Database saved, setting schema version preference to 28
1627298499002	addons.repository	DEBUG	No addons.json found.
1627298501769	addons.manager	DEBUG	Registering upgrade listener for formautofill@mozilla.org
1627298502032	addons.xpi	DEBUG	Ignoring file: name is not a valid add-on ID: C:\Users\Agrawal\AppData\Local\Temp\anonymous581091816593397508webdriver-profile\extensions\webdriver-staging
1627298502034	addons.xpi	DEBUG	Existing add-on formautofill@mozilla.org in app-system-defaults
1627298502034	addons.xpi	DEBUG	Existing add-on screenshots@mozilla.org in app-system-defaults
1627298502035	addons.xpi	DEBUG	Existing add-on webcompat-reporter@mozilla.org in app-system-defaults
1627298502035	addons.xpi	DEBUG	Existing add-on webcompat@mozilla.org in app-system-defaults
1627298502037	addons.xpi	DEBUG	scanForChanges changed: false, state: {}
JavaScript error: resource://gre/modules/addons/XPIProvider.jsm, line 2625: TypeError: addon is null

	at org.openqa.selenium.firefox.internal.NewProfileExtensionConnection.start(NewProfileExtensionConnection.java:112)
	... 33 more
</pre></div><a href='#' onClick='toggleBox("stack-trace1437941060", this, "Click to show all stack frames", "Click to hide stack frames")'>Click to show all stack frames</a>
<div class='stack-trace' id='stack-trace1437941060'><pre>org.openqa.selenium.WebDriverException: Failed to connect to binary FirefoxBinary(C:\Program Files (x86)\Mozilla Firefox\firefox.exe) on port 7055; process output follows: 
tCompatibility&quot;:true,&quot;locales&quot;:[],&quot;targetApplications&quot;:[{&quot;id&quot;:&quot;toolkit@mozilla.org&quot;,&quot;minVersion&quot;:null,&quot;maxVersion&quot;:null}],&quot;targetPlatforms&quot;:[],&quot;seen&quot;:true,&quot;dependencies&quot;:[],&quot;userPermissions&quot;:{&quot;permissions&quot;:[&quot;tabs&quot;],&quot;origins&quot;:[&quot;&lt;all_urls&gt;&quot;]},&quot;icons&quot;:{&quot;16&quot;:&quot;icons/lightbulb.svg&quot;,&quot;32&quot;:&quot;icons/lightbulb.svg&quot;,&quot;48&quot;:&quot;icons/lightbulb.svg&quot;,&quot;96&quot;:&quot;icons/lightbulb.svg&quot;,&quot;128&quot;:&quot;icons/lightbulb.svg&quot;},&quot;iconURL&quot;:null,&quot;blocklistState&quot;:0,&quot;blocklistURL&quot;:null,&quot;startupData&quot;:null,&quot;hidden&quot;:true,&quot;installTelemetryInfo&quot;:null,&quot;location&quot;:&quot;app-system-defaults&quot;}
1627298496234	addons.xpi	DEBUG	Updating XPIState for {&quot;id&quot;:&quot;webcompat@mozilla.org&quot;,&quot;syncGUID&quot;:&quot;{3d521450-e650-46b9-83f7-42e0a43c8c94}&quot;,&quot;version&quot;:&quot;3.0.0&quot;,&quot;type&quot;:&quot;extension&quot;,&quot;loader&quot;:null,&quot;updateURL&quot;:null,&quot;optionsURL&quot;:null,&quot;optionsType&quot;:null,&quot;optionsBrowserStyle&quot;:true,&quot;aboutURL&quot;:null,&quot;defaultLocale&quot;:{&quot;name&quot;:&quot;Web Compat&quot;,&quot;description&quot;:&quot;Urgent post-release fixes for web compatibility.&quot;,&quot;creator&quot;:null,&quot;developers&quot;:null,&quot;translators&quot;:null,&quot;contributors&quot;:null},&quot;visible&quot;:true,&quot;active&quot;:true,&quot;userDisabled&quot;:false,&quot;appDisabled&quot;:false,&quot;installDate&quot;:1553885617707,&quot;updateDate&quot;:1553885617707,&quot;applyBackgroundUpdates&quot;:1,&quot;path&quot;:&quot;C:\\Program Files (x86)\\Mozilla Firefox\\browser\\features\\webcompat@mozilla.org.xpi&quot;,&quot;skinnable&quot;:false,&quot;sourceURI&quot;:null,&quot;releaseNotesURI&quot;:null,&quot;softDisabled&quot;:false,&quot;foreignInstall&quot;:false,&quot;strictCompatibility&quot;:true,&quot;locales&quot;:[],&quot;targetApplications&quot;:[{&quot;id&quot;:&quot;toolkit@mozilla.org&quot;,&quot;minVersion&quot;:&quot;59.0b5&quot;,&quot;maxVersion&quot;:null}],&quot;targetPlatforms&quot;:[],&quot;seen&quot;:true,&quot;dependencies&quot;:[],&quot;userPermissions&quot;:{&quot;permissions&quot;:[&quot;webRequest&quot;,&quot;webRequestBlocking&quot;],&quot;origins&quot;:[&quot;&lt;all_urls&gt;&quot;]},&quot;icons&quot;:{},&quot;iconURL&quot;:null,&quot;blocklistState&quot;:0,&quot;blocklistURL&quot;:null,&quot;startupData&quot;:null,&quot;hidden&quot;:true,&quot;installTelemetryInfo&quot;:null,&quot;location&quot;:&quot;app-system-defaults&quot;}
1627298496235	addons.xpi-utils	DEBUG	Updating add-on states
1627298496240	addons.xpi	DEBUG	Calling bootstrap method startup on formautofill@mozilla.org version 1.0
1627298496245	addons.xpi	DEBUG	Calling bootstrap method startup on screenshots@mozilla.org version 35.0.0
1627298496247	addons.xpi	DEBUG	Calling bootstrap method startup on webcompat@mozilla.org version 3.0.0
1627298496253	addons.manager	DEBUG	Registering shutdown blocker for XPIProvider
1627298496253	addons.manager	DEBUG	Provider finished startup: XPIProvider
1627298496253	addons.manager	DEBUG	Starting provider: LightweightThemeManager
1627298496253	addons.manager	DEBUG	Registering shutdown blocker for LightweightThemeManager
1627298496254	addons.manager	DEBUG	Provider finished startup: LightweightThemeManager
1627298496256	addons.manager	DEBUG	Starting provider: GMPProvider
1627298496261	addons.manager	DEBUG	Registering shutdown blocker for GMPProvider
1627298496262	addons.manager	DEBUG	Provider finished startup: GMPProvider
1627298496262	addons.manager	DEBUG	Starting provider: PluginProvider
1627298496262	addons.manager	DEBUG	Registering shutdown blocker for PluginProvider
1627298496263	addons.manager	DEBUG	Provider finished startup: PluginProvider
1627298496274	addons.manager	DEBUG	Completed startup sequence
1627298498113	addons.xpi-utils	DEBUG	XPI Database saved, setting schema version preference to 28
1627298499002	addons.repository	DEBUG	No addons.json found.
1627298501769	addons.manager	DEBUG	Registering upgrade listener for formautofill@mozilla.org
1627298502032	addons.xpi	DEBUG	Ignoring file: name is not a valid add-on ID: C:\Users\Agrawal\AppData\Local\Temp\anonymous581091816593397508webdriver-profile\extensions\webdriver-staging
1627298502034	addons.xpi	DEBUG	Existing add-on formautofill@mozilla.org in app-system-defaults
1627298502034	addons.xpi	DEBUG	Existing add-on screenshots@mozilla.org in app-system-defaults
1627298502035	addons.xpi	DEBUG	Existing add-on webcompat-reporter@mozilla.org in app-system-defaults
1627298502035	addons.xpi	DEBUG	Existing add-on webcompat@mozilla.org in app-system-defaults
1627298502037	addons.xpi	DEBUG	scanForChanges changed: false, state: {}
JavaScript error: resource://gre/modules/addons/XPIProvider.jsm, line 2625: TypeError: addon is null

Build info: version: &apos;2.53.1&apos;, revision: &apos;a36b8b1&apos;, time: &apos;2016-06-30 17:37:03&apos;
System info: host: &apos;Deepali&apos;, ip: &apos;192.168.5.1&apos;, os.name: &apos;Windows 8.1&apos;, os.arch: &apos;amd64&apos;, os.version: &apos;6.3&apos;, java.version: &apos;1.8.0_181&apos;
Driver info: driver.version: FirefoxDriver
	at org.openqa.selenium.firefox.internal.NewProfileExtensionConnection.start(NewProfileExtensionConnection.java:124)
	at org.openqa.selenium.firefox.FirefoxDriver.startClient(FirefoxDriver.java:271)
	at org.openqa.selenium.remote.RemoteWebDriver.&lt;init&gt;(RemoteWebDriver.java:119)
	at org.openqa.selenium.firefox.FirefoxDriver.&lt;init&gt;(FirefoxDriver.java:218)
	at org.openqa.selenium.firefox.FirefoxDriver.&lt;init&gt;(FirefoxDriver.java:211)
	at org.openqa.selenium.firefox.FirefoxDriver.&lt;init&gt;(FirefoxDriver.java:207)
	at org.openqa.selenium.firefox.FirefoxDriver.&lt;init&gt;(FirefoxDriver.java:120)
	at TestNGtest.GoogleTest.setUpbeforeMethod(GoogleTest.java:21)
	at sun.reflect.NativeMethodAccessorImpl.invoke0(Native Method)
	at sun.reflect.NativeMethodAccessorImpl.invoke(Unknown Source)
	at sun.reflect.DelegatingMethodAccessorImpl.invoke(Unknown Source)
	at java.lang.reflect.Method.invoke(Unknown Source)
	at org.testng.internal.MethodInvocationHelper.invokeMethod(MethodInvocationHelper.java:85)
	at org.testng.internal.Invoker.invokeConfigurationMethod(Invoker.java:510)
	at org.testng.internal.Invoker.invokeConfigurations(Invoker.java:211)
	at org.testng.internal.Invoker.invokeMethod(Invoker.java:585)
	at org.testng.internal.Invoker.invokeTestMethod(Invoker.java:816)
	at org.testng.internal.Invoker.invokeTestMethods(Invoker.java:1124)
	at org.testng.internal.TestMethodWorker.invokeTestMethods(TestMethodWorker.java:125)
	at org.testng.internal.TestMethodWorker.run(TestMethodWorker.java:108)
	at org.testng.TestRunner.privateRun(TestRunner.java:774)
	at org.testng.TestRunner.run(TestRunner.java:624)
	at org.testng.SuiteRunner.runTest(SuiteRunner.java:359)
	at org.testng.SuiteRunner.runSequentially(SuiteRunner.java:354)
	at org.testng.SuiteRunner.privateRun(SuiteRunner.java:312)
	at org.testng.SuiteRunner.run(SuiteRunner.java:261)
	at org.testng.SuiteRunnerWorker.runSuite(SuiteRunnerWorker.java:52)
	at org.testng.SuiteRunnerWorker.run(SuiteRunnerWorker.java:86)
	at org.testng.TestNG.runSuitesSequentially(TestNG.java:1215)
	at org.testng.TestNG.runSuitesLocally(TestNG.java:1140)
	at org.testng.TestNG.run(TestNG.java:1048)
	at org.testng.remote.AbstractRemoteTestNG.run(AbstractRemoteTestNG.java:114)
	at org.testng.remote.RemoteTestNG.initAndRun(RemoteTestNG.java:251)
	at org.testng.remote.RemoteTestNG.main(RemoteTestNG.java:77)
Caused by: org.openqa.selenium.firefox.NotConnectedException: Unable to connect to host 127.0.0.1 on port 7055 after 45000 ms. Firefox console output:
tCompatibility&quot;:true,&quot;locales&quot;:[],&quot;targetApplications&quot;:[{&quot;id&quot;:&quot;toolkit@mozilla.org&quot;,&quot;minVersion&quot;:null,&quot;maxVersion&quot;:null}],&quot;targetPlatforms&quot;:[],&quot;seen&quot;:true,&quot;dependencies&quot;:[],&quot;userPermissions&quot;:{&quot;permissions&quot;:[&quot;tabs&quot;],&quot;origins&quot;:[&quot;&lt;all_urls&gt;&quot;]},&quot;icons&quot;:{&quot;16&quot;:&quot;icons/lightbulb.svg&quot;,&quot;32&quot;:&quot;icons/lightbulb.svg&quot;,&quot;48&quot;:&quot;icons/lightbulb.svg&quot;,&quot;96&quot;:&quot;icons/lightbulb.svg&quot;,&quot;128&quot;:&quot;icons/lightbulb.svg&quot;},&quot;iconURL&quot;:null,&quot;blocklistState&quot;:0,&quot;blocklistURL&quot;:null,&quot;startupData&quot;:null,&quot;hidden&quot;:true,&quot;installTelemetryInfo&quot;:null,&quot;location&quot;:&quot;app-system-defaults&quot;}
1627298496234	addons.xpi	DEBUG	Updating XPIState for {&quot;id&quot;:&quot;webcompat@mozilla.org&quot;,&quot;syncGUID&quot;:&quot;{3d521450-e650-46b9-83f7-42e0a43c8c94}&quot;,&quot;version&quot;:&quot;3.0.0&quot;,&quot;type&quot;:&quot;extension&quot;,&quot;loader&quot;:null,&quot;updateURL&quot;:null,&quot;optionsURL&quot;:null,&quot;optionsType&quot;:null,&quot;optionsBrowserStyle&quot;:true,&quot;aboutURL&quot;:null,&quot;defaultLocale&quot;:{&quot;name&quot;:&quot;Web Compat&quot;,&quot;description&quot;:&quot;Urgent post-release fixes for web compatibility.&quot;,&quot;creator&quot;:null,&quot;developers&quot;:null,&quot;translators&quot;:null,&quot;contributors&quot;:null},&quot;visible&quot;:true,&quot;active&quot;:true,&quot;userDisabled&quot;:false,&quot;appDisabled&quot;:false,&quot;installDate&quot;:1553885617707,&quot;updateDate&quot;:1553885617707,&quot;applyBackgroundUpdates&quot;:1,&quot;path&quot;:&quot;C:\\Program Files (x86)\\Mozilla Firefox\\browser\\features\\webcompat@mozilla.org.xpi&quot;,&quot;skinnable&quot;:false,&quot;sourceURI&quot;:null,&quot;releaseNotesURI&quot;:null,&quot;softDisabled&quot;:false,&quot;foreignInstall&quot;:false,&quot;strictCompatibility&quot;:true,&quot;locales&quot;:[],&quot;targetApplications&quot;:[{&quot;id&quot;:&quot;toolkit@mozilla.org&quot;,&quot;minVersion&quot;:&quot;59.0b5&quot;,&quot;maxVersion&quot;:null}],&quot;targetPlatforms&quot;:[],&quot;seen&quot;:true,&quot;dependencies&quot;:[],&quot;userPermissions&quot;:{&quot;permissions&quot;:[&quot;webRequest&quot;,&quot;webRequestBlocking&quot;],&quot;origins&quot;:[&quot;&lt;all_urls&gt;&quot;]},&quot;icons&quot;:{},&quot;iconURL&quot;:null,&quot;blocklistState&quot;:0,&quot;blocklistURL&quot;:null,&quot;startupData&quot;:null,&quot;hidden&quot;:true,&quot;installTelemetryInfo&quot;:null,&quot;location&quot;:&quot;app-system-defaults&quot;}
1627298496235	addons.xpi-utils	DEBUG	Updating add-on states
1627298496240	addons.xpi	DEBUG	Calling bootstrap method startup on formautofill@mozilla.org version 1.0
1627298496245	addons.xpi	DEBUG	Calling bootstrap method startup on screenshots@mozilla.org version 35.0.0
1627298496247	addons.xpi	DEBUG	Calling bootstrap method startup on webcompat@mozilla.org version 3.0.0
1627298496253	addons.manager	DEBUG	Registering shutdown blocker for XPIProvider
1627298496253	addons.manager	DEBUG	Provider finished startup: XPIProvider
1627298496253	addons.manager	DEBUG	Starting provider: LightweightThemeManager
1627298496253	addons.manager	DEBUG	Registering shutdown blocker for LightweightThemeManager
1627298496254	addons.manager	DEBUG	Provider finished startup: LightweightThemeManager
1627298496256	addons.manager	DEBUG	Starting provider: GMPProvider
1627298496261	addons.manager	DEBUG	Registering shutdown blocker for GMPProvider
1627298496262	addons.manager	DEBUG	Provider finished startup: GMPProvider
1627298496262	addons.manager	DEBUG	Starting provider: PluginProvider
1627298496262	addons.manager	DEBUG	Registering shutdown blocker for PluginProvider
1627298496263	addons.manager	DEBUG	Provider finished startup: PluginProvider
1627298496274	addons.manager	DEBUG	Completed startup sequence
1627298498113	addons.xpi-utils	DEBUG	XPI Database saved, setting schema version preference to 28
1627298499002	addons.repository	DEBUG	No addons.json found.
1627298501769	addons.manager	DEBUG	Registering upgrade listener for formautofill@mozilla.org
1627298502032	addons.xpi	DEBUG	Ignoring file: name is not a valid add-on ID: C:\Users\Agrawal\AppData\Local\Temp\anonymous581091816593397508webdriver-profile\extensions\webdriver-staging
1627298502034	addons.xpi	DEBUG	Existing add-on formautofill@mozilla.org in app-system-defaults
1627298502034	addons.xpi	DEBUG	Existing add-on screenshots@mozilla.org in app-system-defaults
1627298502035	addons.xpi	DEBUG	Existing add-on webcompat-reporter@mozilla.org in app-system-defaults
1627298502035	addons.xpi	DEBUG	Existing add-on webcompat@mozilla.org in app-system-defaults
1627298502037	addons.xpi	DEBUG	scanForChanges changed: false, state: {}
JavaScript error: resource://gre/modules/addons/XPIProvider.jsm, line 2625: TypeError: addon is null

	at org.openqa.selenium.firefox.internal.NewProfileExtensionConnection.start(NewProfileExtensionConnection.java:112)
	... 33 more
</pre></div></td>
<td>0</td>
<td>TestNGtest.GoogleTest@7f9a81e8</td></tr>
<tr>
<td title='TestNGtest.NewTestNGTest.beforeMethod()'><b>beforeMethod</b><br>Test class: TestNGtest.NewTestNGTest</td>
<td><div><pre>org.openqa.selenium.WebDriverException: Failed to connect to binary FirefoxBinary(C:\Program Files (x86)\Mozilla Firefox\firefox.exe) on port 7055; process output follows: 
0
1627298545425	addons.xpi	DEBUG	Calling bootstrap method startup on screenshots@mozilla.org version 35.0.0
1627298545427	addons.xpi	DEBUG	Calling bootstrap method startup on webcompat@mozilla.org version 3.0.0
1627298545432	addons.manager	DEBUG	Registering shutdown blocker for XPIProvider
1627298545433	addons.manager	DEBUG	Provider finished startup: XPIProvider
1627298545433	addons.manager	DEBUG	Starting provider: LightweightThemeManager
1627298545433	addons.manager	DEBUG	Registering shutdown blocker for LightweightThemeManager
1627298545434	addons.manager	DEBUG	Provider finished startup: LightweightThemeManager
1627298545435	addons.manager	DEBUG	Starting provider: GMPProvider
1627298545441	addons.manager	DEBUG	Registering shutdown blocker for GMPProvider
1627298545441	addons.manager	DEBUG	Provider finished startup: GMPProvider
1627298545442	addons.manager	DEBUG	Starting provider: PluginProvider
1627298545442	addons.manager	DEBUG	Registering shutdown blocker for PluginProvider
1627298545442	addons.manager	DEBUG	Provider finished startup: PluginProvider
1627298545455	addons.manager	DEBUG	Completed startup sequence
1627298548482	addons.repository	DEBUG	No addons.json found.
1627298550597	addons.manager	DEBUG	Registering upgrade listener for formautofill@mozilla.org
1627298550781	addons.xpi	DEBUG	Ignoring file: name is not a valid add-on ID: C:\Users\Agrawal\AppData\Local\Temp\anonymous2873939394381124582webdriver-profile\extensions\webdriver-staging
1627298550782	addons.xpi	DEBUG	Existing add-on formautofill@mozilla.org in app-system-defaults
1627298550782	addons.xpi	DEBUG	Existing add-on screenshots@mozilla.org in app-system-defaults
1627298550783	addons.xpi	DEBUG	Existing add-on webcompat-reporter@mozilla.org in app-system-defaults
1627298550783	addons.xpi	DEBUG	Existing add-on webcompat@mozilla.org in app-system-defaults
1627298550785	addons.xpi	DEBUG	scanForChanges changed: false, state: {}
JavaScript error: resource://gre/modules/addons/XPIProvider.jsm, line 2625: TypeError: addon is null
JavaScript error: resource://activity-stream/lib/ActivityStreamPrefs.jsm, line 23: NS_ERROR_ILLEGAL_VALUE: Component returned failure code: 0x80070057 (NS_ERROR_ILLEGAL_VALUE) [nsIPrefBranch.removeObserver]
1627298551701	addons.xpi	DEBUG	Calling bootstrap method shutdown on webcompat@mozilla.org version 3.0.0
1627298551714	addons.xpi	DEBUG	Calling bootstrap method shutdown on screenshots@mozilla.org version 35.0.0
1627298551727	addons.xpi	DEBUG	Calling bootstrap method shutdown on formautofill@mozilla.org version 1.0
[Child 7632, Chrome_ChildThread] WARNING: pipe error: 109: file z:/build/build/src/ipc/chromium/src/chrome/common/ipc_channel_win.cc, line 332
[Child 7632, Chrome_ChildThread] WARNING: [Child 11868, Chrome_ChildThread] WARNING: pipe error: 109: file z:/build/build/src/ipc/chromium/src/chrome/common/ipc_channel_win.cc, line 332
[1627298552027	addons.manager	DEBUG	shutdown
1627298552033	addons.manager	DEBUG	Calling shutdown blocker for XPIProvider
1627298552033	addons.xpi	DEBUG	shutdown
1627298552034	addons.xpi-utils	DEBUG	shutdown
1627298552034	addons.manager	DEBUG	Calling shutdown blocker for LightweightThemeManager
1627298552035	addons.manager	DEBUG	Calling shutdown blocker for GMPProvider
1627298552035	addons.manager	DEBUG	Calling shutdown blocker for PluginProvider
1627298553080	addons.manager	DEBUG	Async provider shutdown done
JavaScript error: resource://gre/modules/JSONFile.jsm, line 159: Error: Data is not ready.

###!!! [Parent][DispatchAsyncMessage] Error: PBackgroundIDBFactory::Msg_PBackgroundIDBFactoryRequestConstructor Value error: message was deserialized, but contained an illegal value


###!!! [Parent][DispatchAsyncMessage] Error: PBackgroundIDBFactory::Msg_PBackgroundIDBFactoryRequestConstructor Value error: message was deserialized, but contained an illegal value


###!!! [Child][RunMessage] Error: Channel closing: too late to send/recv, messages will be lost

[GPU 8184
###!!! [Child][MessageChannel::SendAndWait] Error: Channel error: cannot send/recv


Build info: version: &apos;2.53.1&apos;, revision: &apos;a36b8b1&apos;, time: &apos;2016-06-30 17:37:03&apos;
System info: host: &apos;Deepali&apos;, ip: &apos;192.168.5.1&apos;, os.name: &apos;Windows 8.1&apos;, os.arch: &apos;amd64&apos;, os.version: &apos;6.3&apos;, java.version: &apos;1.8.0_181&apos;
Driver info: driver.version: FirefoxDriver
	at org.openqa.selenium.firefox.internal.NewProfileExtensionConnection.start(NewProfileExtensionConnection.java:124)
	at org.openqa.selenium.firefox.FirefoxDriver.startClient(FirefoxDriver.java:271)
	at org.openqa.selenium.remote.RemoteWebDriver.&lt;init&gt;(RemoteWebDriver.java:119)
	at org.openqa.selenium.firefox.FirefoxDriver.&lt;init&gt;(FirefoxDriver.java:218)
	at org.openqa.selenium.firefox.FirefoxDriver.&lt;init&gt;(FirefoxDriver.java:211)
	at org.openqa.selenium.firefox.FirefoxDriver.&lt;init&gt;(FirefoxDriver.java:207)
	at org.openqa.selenium.firefox.FirefoxDriver.&lt;init&gt;(FirefoxDriver.java:120)
	at TestNGtest.NewTestNGTest.beforeMethod(NewTestNGTest.java:62)
	at sun.reflect.NativeMethodAccessorImpl.invoke0(Native Method)
	at sun.reflect.NativeMethodAccessorImpl.invoke(Unknown Source)
	at sun.reflect.DelegatingMethodAccessorImpl.invoke(Unknown Source)
	at java.lang.reflect.Method.invoke(Unknown Source)
	at org.testng.internal.MethodInvocationHelper.invokeMethod(MethodInvocationHelper.java:85)
	at org.testng.internal.Invoker.invokeConfigurationMethod(Invoker.java:510)
	at org.testng.internal.Invoker.invokeConfigurations(Invoker.java:211)
	at org.testng.internal.Invoker.invokeMethod(Invoker.java:585)
	at org.testng.internal.Invoker.invokeTestMethod(Invoker.java:816)
	at org.testng.internal.Invoker.invokeTestMethods(Invoker.java:1124)
	at org.testng.internal.TestMethodWorker.invokeTestMethods(TestMethodWorker.java:125)
	at org.testng.internal.TestMethodWorker.run(TestMethodWorker.java:108)
	at org.testng.TestRunner.privateRun(TestRunner.java:774)
	at org.testng.TestRunner.run(TestRunner.java:624)
	at org.testng.SuiteRunner.runTest(SuiteRunner.java:359)
	at org.testng.SuiteRunner.runSequentially(SuiteRunner.java:354)
	at org.testng.SuiteRunner.privateRun(SuiteRunner.java:312)
	at org.testng.SuiteRunner.run(SuiteRunner.java:261)
	at org.testng.SuiteRunnerWorker.runSuite(SuiteRunnerWorker.java:52)
	at org.testng.SuiteRunnerWorker.run(SuiteRunnerWorker.java:86)
	at org.testng.TestNG.runSuitesSequentially(TestNG.java:1215)
	at org.testng.TestNG.runSuitesLocally(TestNG.java:1140)
	at org.testng.TestNG.run(TestNG.java:1048)
	at org.testng.remote.AbstractRemoteTestNG.run(AbstractRemoteTestNG.java:114)
	at org.testng.remote.RemoteTestNG.initAndRun(RemoteTestNG.java:251)
	at org.testng.remote.RemoteTestNG.main(RemoteTestNG.java:77)
Caused by: org.openqa.selenium.firefox.NotConnectedException: Unable to connect to host 127.0.0.1 on port 7055 after 45000 ms. Firefox console output:
0
1627298545425	addons.xpi	DEBUG	Calling bootstrap method startup on screenshots@mozilla.org version 35.0.0
1627298545427	addons.xpi	DEBUG	Calling bootstrap method startup on webcompat@mozilla.org version 3.0.0
1627298545432	addons.manager	DEBUG	Registering shutdown blocker for XPIProvider
1627298545433	addons.manager	DEBUG	Provider finished startup: XPIProvider
1627298545433	addons.manager	DEBUG	Starting provider: LightweightThemeManager
1627298545433	addons.manager	DEBUG	Registering shutdown blocker for LightweightThemeManager
1627298545434	addons.manager	DEBUG	Provider finished startup: LightweightThemeManager
1627298545435	addons.manager	DEBUG	Starting provider: GMPProvider
1627298545441	addons.manager	DEBUG	Registering shutdown blocker for GMPProvider
1627298545441	addons.manager	DEBUG	Provider finished startup: GMPProvider
1627298545442	addons.manager	DEBUG	Starting provider: PluginProvider
1627298545442	addons.manager	DEBUG	Registering shutdown blocker for PluginProvider
1627298545442	addons.manager	DEBUG	Provider finished startup: PluginProvider
1627298545455	addons.manager	DEBUG	Completed startup sequence
1627298548482	addons.repository	DEBUG	No addons.json found.
1627298550597	addons.manager	DEBUG	Registering upgrade listener for formautofill@mozilla.org
1627298550781	addons.xpi	DEBUG	Ignoring file: name is not a valid add-on ID: C:\Users\Agrawal\AppData\Local\Temp\anonymous2873939394381124582webdriver-profile\extensions\webdriver-staging
1627298550782	addons.xpi	DEBUG	Existing add-on formautofill@mozilla.org in app-system-defaults
1627298550782	addons.xpi	DEBUG	Existing add-on screenshots@mozilla.org in app-system-defaults
1627298550783	addons.xpi	DEBUG	Existing add-on webcompat-reporter@mozilla.org in app-system-defaults
1627298550783	addons.xpi	DEBUG	Existing add-on webcompat@mozilla.org in app-system-defaults
1627298550785	addons.xpi	DEBUG	scanForChanges changed: false, state: {}
JavaScript error: resource://gre/modules/addons/XPIProvider.jsm, line 2625: TypeError: addon is null
JavaScript error: resource://activity-stream/lib/ActivityStreamPrefs.jsm, line 23: NS_ERROR_ILLEGAL_VALUE: Component returned failure code: 0x80070057 (NS_ERROR_ILLEGAL_VALUE) [nsIPrefBranch.removeObserver]
1627298551701	addons.xpi	DEBUG	Calling bootstrap method shutdown on webcompat@mozilla.org version 3.0.0
1627298551714	addons.xpi	DEBUG	Calling bootstrap method shutdown on screenshots@mozilla.org version 35.0.0
1627298551727	addons.xpi	DEBUG	Calling bootstrap method shutdown on formautofill@mozilla.org version 1.0
[Child 7632, Chrome_ChildThread] WARNING: pipe error: 109: file z:/build/build/src/ipc/chromium/src/chrome/common/ipc_channel_win.cc, line 332
[Child 7632, Chrome_ChildThread] WARNING: [Child 11868, Chrome_ChildThread] WARNING: pipe error: 109: file z:/build/build/src/ipc/chromium/src/chrome/common/ipc_channel_win.cc, line 332
[1627298552027	addons.manager	DEBUG	shutdown
1627298552033	addons.manager	DEBUG	Calling shutdown blocker for XPIProvider
1627298552033	addons.xpi	DEBUG	shutdown
1627298552034	addons.xpi-utils	DEBUG	shutdown
1627298552034	addons.manager	DEBUG	Calling shutdown blocker for LightweightThemeManager
1627298552035	addons.manager	DEBUG	Calling shutdown blocker for GMPProvider
1627298552035	addons.manager	DEBUG	Calling shutdown blocker for PluginProvider
1627298553080	addons.manager	DEBUG	Async provider shutdown done
JavaScript error: resource://gre/modules/JSONFile.jsm, line 159: Error: Data is not ready.

###!!! [Parent][DispatchAsyncMessage] Error: PBackgroundIDBFactory::Msg_PBackgroundIDBFactoryRequestConstructor Value error: message was deserialized, but contained an illegal value


###!!! [Parent][DispatchAsyncMessage] Error: PBackgroundIDBFactory::Msg_PBackgroundIDBFactoryRequestConstructor Value error: message was deserialized, but contained an illegal value


###!!! [Child][RunMessage] Error: Channel closing: too late to send/recv, messages will be lost

[GPU 8184
###!!! [Child][MessageChannel::SendAndWait] Error: Channel error: cannot send/recv


	at org.openqa.selenium.firefox.internal.NewProfileExtensionConnection.start(NewProfileExtensionConnection.java:112)
	... 33 more
</pre></div><a href='#' onClick='toggleBox("stack-trace336371513", this, "Click to show all stack frames", "Click to hide stack frames")'>Click to show all stack frames</a>
<div class='stack-trace' id='stack-trace336371513'><pre>org.openqa.selenium.WebDriverException: Failed to connect to binary FirefoxBinary(C:\Program Files (x86)\Mozilla Firefox\firefox.exe) on port 7055; process output follows: 
0
1627298545425	addons.xpi	DEBUG	Calling bootstrap method startup on screenshots@mozilla.org version 35.0.0
1627298545427	addons.xpi	DEBUG	Calling bootstrap method startup on webcompat@mozilla.org version 3.0.0
1627298545432	addons.manager	DEBUG	Registering shutdown blocker for XPIProvider
1627298545433	addons.manager	DEBUG	Provider finished startup: XPIProvider
1627298545433	addons.manager	DEBUG	Starting provider: LightweightThemeManager
1627298545433	addons.manager	DEBUG	Registering shutdown blocker for LightweightThemeManager
1627298545434	addons.manager	DEBUG	Provider finished startup: LightweightThemeManager
1627298545435	addons.manager	DEBUG	Starting provider: GMPProvider
1627298545441	addons.manager	DEBUG	Registering shutdown blocker for GMPProvider
1627298545441	addons.manager	DEBUG	Provider finished startup: GMPProvider
1627298545442	addons.manager	DEBUG	Starting provider: PluginProvider
1627298545442	addons.manager	DEBUG	Registering shutdown blocker for PluginProvider
1627298545442	addons.manager	DEBUG	Provider finished startup: PluginProvider
1627298545455	addons.manager	DEBUG	Completed startup sequence
1627298548482	addons.repository	DEBUG	No addons.json found.
1627298550597	addons.manager	DEBUG	Registering upgrade listener for formautofill@mozilla.org
1627298550781	addons.xpi	DEBUG	Ignoring file: name is not a valid add-on ID: C:\Users\Agrawal\AppData\Local\Temp\anonymous2873939394381124582webdriver-profile\extensions\webdriver-staging
1627298550782	addons.xpi	DEBUG	Existing add-on formautofill@mozilla.org in app-system-defaults
1627298550782	addons.xpi	DEBUG	Existing add-on screenshots@mozilla.org in app-system-defaults
1627298550783	addons.xpi	DEBUG	Existing add-on webcompat-reporter@mozilla.org in app-system-defaults
1627298550783	addons.xpi	DEBUG	Existing add-on webcompat@mozilla.org in app-system-defaults
1627298550785	addons.xpi	DEBUG	scanForChanges changed: false, state: {}
JavaScript error: resource://gre/modules/addons/XPIProvider.jsm, line 2625: TypeError: addon is null
JavaScript error: resource://activity-stream/lib/ActivityStreamPrefs.jsm, line 23: NS_ERROR_ILLEGAL_VALUE: Component returned failure code: 0x80070057 (NS_ERROR_ILLEGAL_VALUE) [nsIPrefBranch.removeObserver]
1627298551701	addons.xpi	DEBUG	Calling bootstrap method shutdown on webcompat@mozilla.org version 3.0.0
1627298551714	addons.xpi	DEBUG	Calling bootstrap method shutdown on screenshots@mozilla.org version 35.0.0
1627298551727	addons.xpi	DEBUG	Calling bootstrap method shutdown on formautofill@mozilla.org version 1.0
[Child 7632, Chrome_ChildThread] WARNING: pipe error: 109: file z:/build/build/src/ipc/chromium/src/chrome/common/ipc_channel_win.cc, line 332
[Child 7632, Chrome_ChildThread] WARNING: [Child 11868, Chrome_ChildThread] WARNING: pipe error: 109: file z:/build/build/src/ipc/chromium/src/chrome/common/ipc_channel_win.cc, line 332
[1627298552027	addons.manager	DEBUG	shutdown
1627298552033	addons.manager	DEBUG	Calling shutdown blocker for XPIProvider
1627298552033	addons.xpi	DEBUG	shutdown
1627298552034	addons.xpi-utils	DEBUG	shutdown
1627298552034	addons.manager	DEBUG	Calling shutdown blocker for LightweightThemeManager
1627298552035	addons.manager	DEBUG	Calling shutdown blocker for GMPProvider
1627298552035	addons.manager	DEBUG	Calling shutdown blocker for PluginProvider
1627298553080	addons.manager	DEBUG	Async provider shutdown done
JavaScript error: resource://gre/modules/JSONFile.jsm, line 159: Error: Data is not ready.

###!!! [Parent][DispatchAsyncMessage] Error: PBackgroundIDBFactory::Msg_PBackgroundIDBFactoryRequestConstructor Value error: message was deserialized, but contained an illegal value


###!!! [Parent][DispatchAsyncMessage] Error: PBackgroundIDBFactory::Msg_PBackgroundIDBFactoryRequestConstructor Value error: message was deserialized, but contained an illegal value


###!!! [Child][RunMessage] Error: Channel closing: too late to send/recv, messages will be lost

[GPU 8184
###!!! [Child][MessageChannel::SendAndWait] Error: Channel error: cannot send/recv


Build info: version: &apos;2.53.1&apos;, revision: &apos;a36b8b1&apos;, time: &apos;2016-06-30 17:37:03&apos;
System info: host: &apos;Deepali&apos;, ip: &apos;192.168.5.1&apos;, os.name: &apos;Windows 8.1&apos;, os.arch: &apos;amd64&apos;, os.version: &apos;6.3&apos;, java.version: &apos;1.8.0_181&apos;
Driver info: driver.version: FirefoxDriver
	at org.openqa.selenium.firefox.internal.NewProfileExtensionConnection.start(NewProfileExtensionConnection.java:124)
	at org.openqa.selenium.firefox.FirefoxDriver.startClient(FirefoxDriver.java:271)
	at org.openqa.selenium.remote.RemoteWebDriver.&lt;init&gt;(RemoteWebDriver.java:119)
	at org.openqa.selenium.firefox.FirefoxDriver.&lt;init&gt;(FirefoxDriver.java:218)
	at org.openqa.selenium.firefox.FirefoxDriver.&lt;init&gt;(FirefoxDriver.java:211)
	at org.openqa.selenium.firefox.FirefoxDriver.&lt;init&gt;(FirefoxDriver.java:207)
	at org.openqa.selenium.firefox.FirefoxDriver.&lt;init&gt;(FirefoxDriver.java:120)
	at TestNGtest.NewTestNGTest.beforeMethod(NewTestNGTest.java:62)
	at sun.reflect.NativeMethodAccessorImpl.invoke0(Native Method)
	at sun.reflect.NativeMethodAccessorImpl.invoke(Unknown Source)
	at sun.reflect.DelegatingMethodAccessorImpl.invoke(Unknown Source)
	at java.lang.reflect.Method.invoke(Unknown Source)
	at org.testng.internal.MethodInvocationHelper.invokeMethod(MethodInvocationHelper.java:85)
	at org.testng.internal.Invoker.invokeConfigurationMethod(Invoker.java:510)
	at org.testng.internal.Invoker.invokeConfigurations(Invoker.java:211)
	at org.testng.internal.Invoker.invokeMethod(Invoker.java:585)
	at org.testng.internal.Invoker.invokeTestMethod(Invoker.java:816)
	at org.testng.internal.Invoker.invokeTestMethods(Invoker.java:1124)
	at org.testng.internal.TestMethodWorker.invokeTestMethods(TestMethodWorker.java:125)
	at org.testng.internal.TestMethodWorker.run(TestMethodWorker.java:108)
	at org.testng.TestRunner.privateRun(TestRunner.java:774)
	at org.testng.TestRunner.run(TestRunner.java:624)
	at org.testng.SuiteRunner.runTest(SuiteRunner.java:359)
	at org.testng.SuiteRunner.runSequentially(SuiteRunner.java:354)
	at org.testng.SuiteRunner.privateRun(SuiteRunner.java:312)
	at org.testng.SuiteRunner.run(SuiteRunner.java:261)
	at org.testng.SuiteRunnerWorker.runSuite(SuiteRunnerWorker.java:52)
	at org.testng.SuiteRunnerWorker.run(SuiteRunnerWorker.java:86)
	at org.testng.TestNG.runSuitesSequentially(TestNG.java:1215)
	at org.testng.TestNG.runSuitesLocally(TestNG.java:1140)
	at org.testng.TestNG.run(TestNG.java:1048)
	at org.testng.remote.AbstractRemoteTestNG.run(AbstractRemoteTestNG.java:114)
	at org.testng.remote.RemoteTestNG.initAndRun(RemoteTestNG.java:251)
	at org.testng.remote.RemoteTestNG.main(RemoteTestNG.java:77)
Caused by: org.openqa.selenium.firefox.NotConnectedException: Unable to connect to host 127.0.0.1 on port 7055 after 45000 ms. Firefox console output:
0
1627298545425	addons.xpi	DEBUG	Calling bootstrap method startup on screenshots@mozilla.org version 35.0.0
1627298545427	addons.xpi	DEBUG	Calling bootstrap method startup on webcompat@mozilla.org version 3.0.0
1627298545432	addons.manager	DEBUG	Registering shutdown blocker for XPIProvider
1627298545433	addons.manager	DEBUG	Provider finished startup: XPIProvider
1627298545433	addons.manager	DEBUG	Starting provider: LightweightThemeManager
1627298545433	addons.manager	DEBUG	Registering shutdown blocker for LightweightThemeManager
1627298545434	addons.manager	DEBUG	Provider finished startup: LightweightThemeManager
1627298545435	addons.manager	DEBUG	Starting provider: GMPProvider
1627298545441	addons.manager	DEBUG	Registering shutdown blocker for GMPProvider
1627298545441	addons.manager	DEBUG	Provider finished startup: GMPProvider
1627298545442	addons.manager	DEBUG	Starting provider: PluginProvider
1627298545442	addons.manager	DEBUG	Registering shutdown blocker for PluginProvider
1627298545442	addons.manager	DEBUG	Provider finished startup: PluginProvider
1627298545455	addons.manager	DEBUG	Completed startup sequence
1627298548482	addons.repository	DEBUG	No addons.json found.
1627298550597	addons.manager	DEBUG	Registering upgrade listener for formautofill@mozilla.org
1627298550781	addons.xpi	DEBUG	Ignoring file: name is not a valid add-on ID: C:\Users\Agrawal\AppData\Local\Temp\anonymous2873939394381124582webdriver-profile\extensions\webdriver-staging
1627298550782	addons.xpi	DEBUG	Existing add-on formautofill@mozilla.org in app-system-defaults
1627298550782	addons.xpi	DEBUG	Existing add-on screenshots@mozilla.org in app-system-defaults
1627298550783	addons.xpi	DEBUG	Existing add-on webcompat-reporter@mozilla.org in app-system-defaults
1627298550783	addons.xpi	DEBUG	Existing add-on webcompat@mozilla.org in app-system-defaults
1627298550785	addons.xpi	DEBUG	scanForChanges changed: false, state: {}
JavaScript error: resource://gre/modules/addons/XPIProvider.jsm, line 2625: TypeError: addon is null
JavaScript error: resource://activity-stream/lib/ActivityStreamPrefs.jsm, line 23: NS_ERROR_ILLEGAL_VALUE: Component returned failure code: 0x80070057 (NS_ERROR_ILLEGAL_VALUE) [nsIPrefBranch.removeObserver]
1627298551701	addons.xpi	DEBUG	Calling bootstrap method shutdown on webcompat@mozilla.org version 3.0.0
1627298551714	addons.xpi	DEBUG	Calling bootstrap method shutdown on screenshots@mozilla.org version 35.0.0
1627298551727	addons.xpi	DEBUG	Calling bootstrap method shutdown on formautofill@mozilla.org version 1.0
[Child 7632, Chrome_ChildThread] WARNING: pipe error: 109: file z:/build/build/src/ipc/chromium/src/chrome/common/ipc_channel_win.cc, line 332
[Child 7632, Chrome_ChildThread] WARNING: [Child 11868, Chrome_ChildThread] WARNING: pipe error: 109: file z:/build/build/src/ipc/chromium/src/chrome/common/ipc_channel_win.cc, line 332
[1627298552027	addons.manager	DEBUG	shutdown
1627298552033	addons.manager	DEBUG	Calling shutdown blocker for XPIProvider
1627298552033	addons.xpi	DEBUG	shutdown
1627298552034	addons.xpi-utils	DEBUG	shutdown
1627298552034	addons.manager	DEBUG	Calling shutdown blocker for LightweightThemeManager
1627298552035	addons.manager	DEBUG	Calling shutdown blocker for GMPProvider
1627298552035	addons.manager	DEBUG	Calling shutdown blocker for PluginProvider
1627298553080	addons.manager	DEBUG	Async provider shutdown done
JavaScript error: resource://gre/modules/JSONFile.jsm, line 159: Error: Data is not ready.

###!!! [Parent][DispatchAsyncMessage] Error: PBackgroundIDBFactory::Msg_PBackgroundIDBFactoryRequestConstructor Value error: message was deserialized, but contained an illegal value


###!!! [Parent][DispatchAsyncMessage] Error: PBackgroundIDBFactory::Msg_PBackgroundIDBFactoryRequestConstructor Value error: message was deserialized, but contained an illegal value


###!!! [Child][RunMessage] Error: Channel closing: too late to send/recv, messages will be lost

[GPU 8184
###!!! [Child][MessageChannel::SendAndWait] Error: Channel error: cannot send/recv


	at org.openqa.selenium.firefox.internal.NewProfileExtensionConnection.start(NewProfileExtensionConnection.java:112)
	... 33 more
</pre></div></td>
<td>0</td>
<td>TestNGtest.NewTestNGTest@9629756</td></tr>
</table><p>
<table width='100%' border='1' class='invocation-skipped'>
<tr><td colspan='4' align='center'><b>SKIPPED CONFIGURATIONS</b></td></tr>
<tr><td><b>Test method</b></td>
<td width="30%"><b>Exception</b></td>
<td width="10%"><b>Time (seconds)</b></td>
<td><b>Instance</b></td>
</tr>
<tr>
<td title='TestNGtest.ActiTime.SetupBeforeMethod()'><b>SetupBeforeMethod</b><br>Test class: TestNGtest.ActiTime</td>
<td></td>
<td>0</td>
<td>TestNGtest.ActiTime@396a51ab</td></tr>
<tr>
<td title='TestNGtest.UserTest.setUpbeforeMethod()'><b>setUpbeforeMethod</b><br>Test class: TestNGtest.UserTest</td>
<td></td>
<td>0</td>
<td>TestNGtest.UserTest@51081592</td></tr>
<tr>
<td title='TestNGtest.UserTest.setUpbeforeMethod()'><b>setUpbeforeMethod</b><br>Test class: TestNGtest.UserTest</td>
<td></td>
<td>0</td>
<td>TestNGtest.UserTest@51081592</td></tr>
<tr>
<td title='TestNGtest.UserTest.setUpbeforeMethod()'><b>setUpbeforeMethod</b><br>Test class: TestNGtest.UserTest</td>
<td></td>
<td>0</td>
<td>TestNGtest.UserTest@51081592</td></tr>
<tr>
<td title='TestNGtest.GoogleTest.setUpbeforeMethod()'><b>setUpbeforeMethod</b><br>Test class: TestNGtest.GoogleTest</td>
<td></td>
<td>0</td>
<td>TestNGtest.GoogleTest@7f9a81e8</td></tr>
<tr>
<td title='TestNGtest.GoogleTest.setUpbeforeMethod()'><b>setUpbeforeMethod</b><br>Test class: TestNGtest.GoogleTest</td>
<td></td>
<td>0</td>
<td>TestNGtest.GoogleTest@7f9a81e8</td></tr>
<tr>
<td title='TestNGtest.ActiTime.SetupAfterMethod()'><b>SetupAfterMethod</b><br>Test class: TestNGtest.ActiTime</td>
<td></td>
<td>0</td>
<td>TestNGtest.ActiTime@396a51ab</td></tr>
<tr>
<td title='TestNGtest.UserTest.setUpafterMethod()'><b>setUpafterMethod</b><br>Test class: TestNGtest.UserTest</td>
<td></td>
<td>0</td>
<td>TestNGtest.UserTest@51081592</td></tr>
<tr>
<td title='TestNGtest.UserTest.setUpafterMethod()'><b>setUpafterMethod</b><br>Test class: TestNGtest.UserTest</td>
<td></td>
<td>0</td>
<td>TestNGtest.UserTest@51081592</td></tr>
<tr>
<td title='TestNGtest.UserTest.setUpafterMethod()'><b>setUpafterMethod</b><br>Test class: TestNGtest.UserTest</td>
<td></td>
<td>0</td>
<td>TestNGtest.UserTest@51081592</td></tr>
<tr>
<td title='TestNGtest.GoogleTest.setUpafterMethod()'><b>setUpafterMethod</b><br>Test class: TestNGtest.GoogleTest</td>
<td></td>
<td>0</td>
<td>TestNGtest.GoogleTest@7f9a81e8</td></tr>
<tr>
<td title='TestNGtest.GoogleTest.setUpafterMethod()'><b>setUpafterMethod</b><br>Test class: TestNGtest.GoogleTest</td>
<td></td>
<td>0</td>
<td>TestNGtest.GoogleTest@7f9a81e8</td></tr>
<tr>
<td title='TestNGtest.GoogleTest.setUpafterMethod()'><b>setUpafterMethod</b><br>Test class: TestNGtest.GoogleTest</td>
<td></td>
<td>0</td>
<td>TestNGtest.GoogleTest@7f9a81e8</td></tr>
<tr>
<td title='TestNGtest.NewTestNGTest.afterMethod()'><b>afterMethod</b><br>Test class: TestNGtest.NewTestNGTest</td>
<td></td>
<td>0</td>
<td>TestNGtest.NewTestNGTest@9629756</td></tr>
<tr>
<td title='TestNGtest.ActiTime.confiAfterClass()'><b>confiAfterClass</b><br>Test class: TestNGtest.ActiTime</td>
<td></td>
<td>0</td>
<td>TestNGtest.ActiTime@396a51ab</td></tr>
<tr>
<td title='TestNGtest.UserTest.configafterClass()'><b>configafterClass</b><br>Test class: TestNGtest.UserTest</td>
<td></td>
<td>0</td>
<td>TestNGtest.UserTest@51081592</td></tr>
</table><p>
<table width='100%' border='1' class='invocation-passed'>
<tr><td colspan='4' align='center'><b>PASSED TESTS</b></td></tr>
<tr><td><b>Test method</b></td>
<td width="30%"><b>Exception</b></td>
<td width="10%"><b>Time (seconds)</b></td>
<td><b>Instance</b></td>
</tr>
<tr>
<td title='TestNGtest.NewTest.f()'><b>f</b><br>Test class: TestNGtest.NewTest</td>
<td></td>
<td>0</td>
<td>TestNGtest.NewTest@5034c75a</td></tr>
</table><p>
<table width='100%' border='1' class='invocation-skipped'>
<tr><td colspan='4' align='center'><b>SKIPPED TESTS</b></td></tr>
<tr><td><b>Test method</b></td>
<td width="30%"><b>Exception</b></td>
<td width="10%"><b>Time (seconds)</b></td>
<td><b>Instance</b></td>
</tr>
<tr>
<td title='TestNGtest.ActiTime.LoginApp()'><b>LoginApp</b><br>Test class: TestNGtest.ActiTime</td>
<td></td>
<td>0</td>
<td>TestNGtest.ActiTime@396a51ab</td></tr>
<tr>
<td title='TestNGtest.UserTest.createUserTest()'><b>createUserTest</b><br>Test class: TestNGtest.UserTest</td>
<td></td>
<td>0</td>
<td>TestNGtest.UserTest@51081592</td></tr>
<tr>
<td title='TestNGtest.UserTest.deleteUserTest()'><b>deleteUserTest</b><br>Test class: TestNGtest.UserTest</td>
<td></td>
<td>0</td>
<td>TestNGtest.UserTest@51081592</td></tr>
<tr>
<td title='TestNGtest.GoogleTest.googleLogoTest()'><b>googleLogoTest</b><br>Test class: TestNGtest.GoogleTest</td>
<td></td>
<td>0</td>
<td>TestNGtest.GoogleTest@7f9a81e8</td></tr>
<tr>
<td title='TestNGtest.GoogleTest.googleTitleTest()'><b>googleTitleTest</b><br>Test class: TestNGtest.GoogleTest</td>
<td></td>
<td>0</td>
<td>TestNGtest.GoogleTest@7f9a81e8</td></tr>
<tr>
<td title='TestNGtest.GoogleTest.mailLinkTest()'><b>mailLinkTest</b><br>Test class: TestNGtest.GoogleTest</td>
<td></td>
<td>0</td>
<td>TestNGtest.GoogleTest@7f9a81e8</td></tr>
<tr>
<td title='TestNGtest.NewTestNGTest.main()'><b>main</b><br>Test class: TestNGtest.NewTestNGTest</td>
<td></td>
<td>0</td>
<td>TestNGtest.NewTestNGTest@9629756</td></tr>
<tr>
<td title='TestNGtest.UserTest.modifyUserTest()'><b>modifyUserTest</b><br>Test class: TestNGtest.UserTest</td>
<td></td>
<td>0</td>
<td>TestNGtest.UserTest@51081592</td></tr>
</table><p>
</body>
</html>