<?xml version="1.0" encoding="UTF-8"?>
<!-- Generated by org.testng.reporters.JUnitXMLReporter -->
<testsuite hostname="Deepali" ignored="0" name="Default test" tests="3" failures="0" timestamp="29 Jul 2021 13:57:20 GMT" time="0.408" errors="0">
  <testcase name="@BeforeClass configBeforeClass" time="0.0" classname="com.actitime.genericlib.BaseClassTest">
    <failure type="org.testng.TestNGException" message="
Parameter &amp;apos;browser&amp;apos; is required by BeforeClass on method configBeforeClass but has not been marked @Optional or defined
in C:\Users\Agrawal\AppData\Local\Temp\testng-eclipse-918666760\testng-customsuite.xml">
      <![CDATA[org.testng.TestNGException: 
Parameter 'browser' is required by BeforeClass on method configBeforeClass but has not been marked @Optional or defined
in C:\Users\Agrawal\AppData\Local\Temp\testng-eclipse-918666760\testng-customsuite.xml
at org.testng.internal.Parameters.createParams(Parameters.java:290)
at org.testng.internal.Parameters.createParametersForMethod(Parameters.java:359)
at org.testng.internal.Parameters.createParameters(Parameters.java:620)
at org.testng.internal.Parameters.createConfigurationParameters(Parameters.java:190)
at org.testng.internal.Invoker.invokeConfigurations(Invoker.java:209)
at org.testng.internal.Invoker.invokeConfigurations(Invoker.java:142)
at org.testng.internal.TestMethodWorker.invokeBeforeClassMethods(TestMethodWorker.java:168)
at org.testng.internal.TestMethodWorker.run(TestMethodWorker.java:105)
at org.testng.TestRunner.privateRun(TestRunner.java:648)
at org.testng.TestRunner.run(TestRunner.java:505)
at org.testng.SuiteRunner.runTest(SuiteRunner.java:455)
at org.testng.SuiteRunner.runSequentially(SuiteRunner.java:450)
at org.testng.SuiteRunner.privateRun(SuiteRunner.java:415)
at org.testng.SuiteRunner.run(SuiteRunner.java:364)
at org.testng.SuiteRunnerWorker.runSuite(SuiteRunnerWorker.java:52)
at org.testng.SuiteRunnerWorker.run(SuiteRunnerWorker.java:84)
at org.testng.TestNG.runSuitesSequentially(TestNG.java:1208)
at org.testng.TestNG.runSuitesLocally(TestNG.java:1137)
at org.testng.TestNG.runSuites(TestNG.java:1049)
at org.testng.TestNG.run(TestNG.java:1017)
at org.testng.remote.AbstractRemoteTestNG.run(AbstractRemoteTestNG.java:114)
at org.testng.remote.RemoteTestNG.initAndRun(RemoteTestNG.java:251)
at org.testng.remote.RemoteTestNG.main(RemoteTestNG.java:77)
]]>
    </failure>
  </testcase> <!-- @BeforeClass configBeforeClass -->
  <testcase name="@BeforeMethod ConfigBeforeMethod" time="0.0" classname="com.actitime.genericlib.BaseClassTest">
    <skipped/>
  </testcase> <!-- @BeforeMethod ConfigBeforeMethod -->
  <testcase name="@AfterMethod CofigAfterMethod" time="0.0" classname="com.actitime.genericlib.BaseClassTest">
    <skipped/>
  </testcase> <!-- @AfterMethod CofigAfterMethod -->
  <testcase name="@BeforeMethod ConfigBeforeMethod" time="0.0" classname="com.actitime.genericlib.BaseClassTest">
    <skipped/>
  </testcase> <!-- @BeforeMethod ConfigBeforeMethod -->
  <testcase name="@AfterMethod CofigAfterMethod" time="0.0" classname="com.actitime.genericlib.BaseClassTest">
    <skipped/>
  </testcase> <!-- @AfterMethod CofigAfterMethod -->
  <testcase name="@BeforeMethod ConfigBeforeMethod" time="0.0" classname="com.actitime.genericlib.BaseClassTest">
    <skipped/>
  </testcase> <!-- @BeforeMethod ConfigBeforeMethod -->
  <testcase name="@AfterMethod CofigAfterMethod" time="0.0" classname="com.actitime.genericlib.BaseClassTest">
    <skipped/>
  </testcase> <!-- @AfterMethod CofigAfterMethod -->
  <testcase name="@AfterClass confiAfterClass" time="0.0" classname="com.actitime.genericlib.BaseClassTest">
    <skipped/>
  </testcase> <!-- @AfterClass confiAfterClass -->
  <testcase name="createCustomer" time="0.0" classname="com.actitime.genericlib.CreateCustomer">
    <skipped/>
  </testcase> <!-- createCustomer -->
  <testcase name="deleteCustomer" time="0.0" classname="com.actitime.genericlib.CreateCustomer">
    <skipped/>
  </testcase> <!-- deleteCustomer -->
  <testcase name="modifyCustomer" time="0.0" classname="com.actitime.genericlib.CreateCustomer">
    <skipped/>
  </testcase> <!-- modifyCustomer -->
</testsuite> <!-- Default test -->
