<?xml version="1.0" encoding="UTF-8"?>
<!-- Generated by org.testng.reporters.JUnitXMLReporter -->
<testsuite hostname="Deepali" ignored="0" name="Test" tests="3" failures="0" timestamp="27 Jul 2021 06:18:44 GMT" time="0.226" errors="0">
  <testcase name="@BeforeClass configBeforeClass" time="0.0" classname="com.actitime.genericlib.BaseClassTest">
    <failure type="org.testng.TestNGException" message="
Parameter &amp;apos;browser&amp;apos; is required by BeforeClass on method configBeforeClass but has not been marked @Optional or defined
in C:\Users\Agrawal\New folder\eclipse-workspace1\SeleniumGenericProject\testng.xml">
      <![CDATA[org.testng.TestNGException: 
Parameter 'browser' is required by BeforeClass on method configBeforeClass but has not been marked @Optional or defined
in C:\Users\Agrawal\New folder\eclipse-workspace1\SeleniumGenericProject\testng.xml
... Removed 23 stack frames]]>
    </failure>
  </testcase> <!-- @BeforeClass configBeforeClass -->
  <testcase name="@BeforeMethod ConfigBeforeMethod" time="0.0" classname="com.actitime.genericlib.BaseClassTest">
    <skipped/>
  </testcase> <!-- @BeforeMethod ConfigBeforeMethod -->
  <testcase name="@AfterMethod CofigAfterMethod" time="0.0" classname="com.actitime.genericlib.BaseClassTest">
    <skipped/>
  </testcase> <!-- @AfterMethod CofigAfterMethod -->
  <testcase name="@BeforeMethod ConfigBeforeMethod" time="0.0" classname="com.actitime.genericlib.BaseClassTest">
    <skipped/>
  </testcase> <!-- @BeforeMethod ConfigBeforeMethod -->
  <testcase name="@AfterMethod CofigAfterMethod" time="0.0" classname="com.actitime.genericlib.BaseClassTest">
    <skipped/>
  </testcase> <!-- @AfterMethod CofigAfterMethod -->
  <testcase name="@BeforeMethod ConfigBeforeMethod" time="0.0" classname="com.actitime.genericlib.BaseClassTest">
    <skipped/>
  </testcase> <!-- @BeforeMethod ConfigBeforeMethod -->
  <testcase name="@AfterMethod CofigAfterMethod" time="0.0" classname="com.actitime.genericlib.BaseClassTest">
    <skipped/>
  </testcase> <!-- @AfterMethod CofigAfterMethod -->
  <testcase name="@AfterClass confiAfterClass" time="0.0" classname="com.actitime.genericlib.BaseClassTest">
    <skipped/>
  </testcase> <!-- @AfterClass confiAfterClass -->
  <testcase name="createCustomer" time="0.0" classname="com.actitime.genericlib.CreateCustomer">
    <skipped/>
  </testcase> <!-- createCustomer -->
  <testcase name="deleteCustomer" time="0.0" classname="com.actitime.genericlib.CreateCustomer">
    <skipped/>
  </testcase> <!-- deleteCustomer -->
  <testcase name="modifyCustomer" time="0.0" classname="com.actitime.genericlib.CreateCustomer">
    <skipped/>
  </testcase> <!-- modifyCustomer -->
</testsuite> <!-- Test -->
